BLOCK00/SES002/SA002S12	SES002	1.53821	-40.788	-42.3262
BLOCK00/SES002/SA002S13	SES002	1.28787	-41.8324	-43.1203
BLOCK00/SES002/SA002S23	SES002	1.40068	-40.9803	-42.381
BLOCK00/SES002/SA002S26	SES002	1.83601	-40.9422	-42.7782
BLOCK00/SES002/SA002S28	SES002	1.35706	-41.3152	-42.6723
BLOCK00/SES007/SA007S14	SES007	1.40795	-40.9513	-42.3592
BLOCK00/SES007/SA007S15	SES007	0.892139	-42.0751	-42.9672
BLOCK00/SES007/SA007S24	SES007	1.03987	-41.8584	-42.8983
BLOCK00/SES007/SA007S27	SES007	0.661446	-42.4638	-43.1252
BLOCK00/SES007/SA007S29	SES007	0.462734	-41.753	-42.2158
BLOCK00/SES008/SA008S11	SES008	1.89777	-41.3183	-43.2161
BLOCK00/SES008/SA008S12	SES008	1.08734	-41.6689	-42.7562
BLOCK00/SES008/SA008S19	SES008	1.41351	-41.1022	-42.5157
BLOCK00/SES008/SA008S22	SES008	1.3462	-42.32	-43.6662
BLOCK00/SES008/SA008S29	SES008	1.9764	-41.0343	-43.0107
BLOCK01/SES014/SA014S10	SES014	1.5985	-40.8789	-42.4774
BLOCK01/SES014/SA014S12	SES014	2.21823	-39.1914	-41.4097
BLOCK01/SES014/SA014S24	SES014	1.26144	-40.5307	-41.7922
BLOCK01/SES014/SA014S26	SES014	2.05103	-38.737	-40.788
BLOCK01/SES014/SA014S28	SES014	2.12746	-39.7656	-41.893
BLOCK01/SES016/SA016S12	SES016	1.21573	-43.3688	-44.5845
BLOCK01/SES016/SA016S13	SES016	1.82158	-41.6769	-43.4984
BLOCK01/SES016/SA016S22	SES016	1.11564	-42.7636	-43.8793
BLOCK01/SES016/SA016S25	SES016	1.23023	-40.7726	-42.0029
BLOCK01/SES016/SA016S27	SES016	2.31188	-40.6182	-42.9301
BLOCK01/SES019/SA019S13	SES019	2.08737	-41.8287	-43.9161
BLOCK01/SES019/SA019S14	SES019	1.83353	-41.5703	-43.4039
BLOCK01/SES019/SA019S22	SES019	2.18074	-40.9649	-43.1456
BLOCK01/SES019/SA019S25	SES019	2.1209	-41.8277	-43.9486
BLOCK01/SES019/SA019S29	SES019	3.22964	-41.2334	-44.463
BLOCK02/SES029/SA029S11	SES029	1.35407	-41.591	-42.945
BLOCK02/SES029/SA029S12	SES029	0.576729	-41.6206	-42.1973
BLOCK02/SES029/SA029S20	SES029	0.836655	-42.9482	-43.7848
BLOCK02/SES029/SA029S25	SES029	1.28102	-41.4755	-42.7565
BLOCK02/SES029/SA029S28	SES029	0.972054	-41.8708	-42.8429
BLOCK04/SES042/SA042S12	SES042	1.90533	-40.4861	-42.3915
BLOCK04/SES042/SA042S15	SES042	1.98199	-40.3812	-42.3632
BLOCK04/SES042/SA042S22	SES042	2.61379	-39.0547	-41.6684
BLOCK04/SES042/SA042S25	SES042	1.81273	-41.2915	-43.1042
BLOCK04/SES042/SA042S27	SES042	1.83688	-40.1028	-41.9397
BLOCK04/SES048/SA048S11	SES048	1.50964	-40.9951	-42.5048
BLOCK04/SES048/SA048S12	SES048	0.885456	-41.4893	-42.3747
BLOCK04/SES048/SA048S20	SES048	0.784065	-41.2413	-42.0254
BLOCK04/SES048/SA048S23	SES048	1.83252	-41.3695	-43.202
BLOCK04/SES048/SA048S27	SES048	1.21213	-40.9779	-42.19
BLOCK06/SES060/SA060S11	SES060	1.40016	-41.5219	-42.9221
BLOCK06/SES060/SA060S12	SES060	0.576519	-43.5616	-44.1381
BLOCK06/SES060/SA060S22	SES060	0.195148	-43.2554	-43.4505
BLOCK06/SES060/SA060S24	SES060	0.95499	-41.5763	-42.5313
BLOCK06/SES060/SA060S28	SES060	1.18971	-40.4521	-41.6418
BLOCK06/SES062/SA062S10	SES062	0.718559	-41.2824	-42.0009
BLOCK06/SES062/SA062S11	SES062	1.55974	-41.1894	-42.7491
BLOCK06/SES062/SA062S21	SES062	1.326	-40.2417	-41.5677
BLOCK06/SES062/SA062S26	SES062	1.29204	-40.687	-41.9791
BLOCK06/SES062/SA062S29	SES062	1.22033	-40.4939	-41.7142
BLOCK06/SES068/SA068S14	SES068	1.1665	-42.0478	-43.2143
BLOCK06/SES068/SA068S15	SES068	1.84764	-40.9458	-42.7935
BLOCK06/SES068/SA068S23	SES068	1.1548	-41.9541	-43.1089
BLOCK06/SES068/SA068S27	SES068	2.10516	-40.8598	-42.9649
BLOCK06/SES068/SA068S29	SES068	1.6204	-40.7657	-42.3861
BLOCK08/SES082/SA082S12	SES082	0.979702	-42.0351	-43.0148
BLOCK08/SES082/SA082S14	SES082	0.685261	-42.4742	-43.1595
BLOCK08/SES082/SA082S21	SES082	1.03859	-41.7569	-42.7955
BLOCK08/SES082/SA082S24	SES082	0.817719	-41.3495	-42.1672
BLOCK08/SES082/SA082S28	SES082	1.0416	-42.1074	-43.149
BLOCK08/SES083/SA083S14	SES083	0.375328	-42.4245	-42.7998
BLOCK08/SES083/SA083S15	SES083	0.793293	-41.8654	-42.6587
BLOCK08/SES083/SA083S24	SES083	0.540607	-42.1676	-42.7082
BLOCK08/SES083/SA083S26	SES083	0.592976	-42.0525	-42.6454
BLOCK08/SES083/SA083S29	SES083	0.441498	-42.1226	-42.5641
BLOCK08/SES085/SA085S10	SES085	1.44526	-41.6186	-43.0639
BLOCK08/SES085/SA085S13	SES085	1.33456	-42.2653	-43.5998
BLOCK08/SES085/SA085S22	SES085	0.451656	-43.8694	-44.3211
BLOCK08/SES085/SA085S26	SES085	1.14724	-42.2721	-43.4194
BLOCK08/SES085/SA085S28	SES085	1.84733	-41.5674	-43.4148
BLOCK08/SES087/SA087S15	SES087	1.2467	-41.5382	-42.7849
BLOCK08/SES087/SA087S16	SES087	1.3988	-41.3681	-42.7669
BLOCK08/SES087/SA087S24	SES087	0.981693	-41.9142	-42.8959
BLOCK08/SES087/SA087S26	SES087	0.875175	-40.6839	-41.5591
BLOCK08/SES087/SA087S29	SES087	1.03152	-41.6385	-42.67
BLOCK09/SES099/SA099S15	SES099	1.50925	-41.9149	-43.4242
BLOCK09/SES099/SA099S16	SES099	1.26403	-42.0613	-43.3253
BLOCK09/SES099/SA099S24	SES099	1.23742	-41.3786	-42.616
BLOCK09/SES099/SA099S26	SES099	1.39952	-41.2502	-42.6497
BLOCK09/SES099/SA099S29	SES099	1.29862	-41.5074	-42.806
BLOCK10/SES101/SA101S11	SES101	0.848827	-41.3658	-42.2147
BLOCK10/SES101/SA101S13	SES101	1.27669	-41.5925	-42.8692
BLOCK10/SES101/SA101S22	SES101	1.41407	-42.2683	-43.6824
BLOCK10/SES101/SA101S24	SES101	1.59274	-41.141	-42.7338
BLOCK10/SES101/SA101S28	SES101	0.296421	-43.5208	-43.8172
BLOCK10/SES104/SA104S11	SES104	1.44389	-40.5396	-41.9835
BLOCK10/SES104/SA104S12	SES104	1.3387	-41.0032	-42.3419
BLOCK10/SES104/SA104S21	SES104	1.96482	-41.0451	-43.0099
BLOCK10/SES104/SA104S24	SES104	1.44405	-41.2445	-42.6886
BLOCK10/SES104/SA104S28	SES104	2.06777	-40.4252	-42.493
BLOCK10/SES105/SA105S12	SES105	1.10484	-42.6508	-43.7557
BLOCK10/SES105/SA105S13	SES105	0.66753	-42.7961	-43.4637
BLOCK10/SES105/SA105S22	SES105	0.66333	-43.4365	-44.0998
BLOCK10/SES105/SA105S26	SES105	1.4163	-42.5415	-43.9578
BLOCK10/SES105/SA105S29	SES105	0.852921	-42.6552	-43.5082
BLOCK10/SES106/SA106S09	SES106	1.4257	-42.7178	-44.1435
BLOCK10/SES106/SA106S11	SES106	1.46469	-41.1997	-42.6644
BLOCK10/SES106/SA106S22	SES106	2.14369	-41.5463	-43.69
BLOCK10/SES106/SA106S27	SES106	1.59801	-41.098	-42.696
BLOCK10/SES106/SA106S29	SES106	0.967182	-41.1045	-42.0716
BLOCK11/SES117/SA117S12	SES117	0.449253	-42.9091	-43.3584
BLOCK11/SES117/SA117S13	SES117	0.598736	-42.5024	-43.1012
BLOCK11/SES117/SA117S23	SES117	2.73152	-42.6306	-45.3621
BLOCK11/SES117/SA117S25	SES117	2.37061	-42.3465	-44.7171
BLOCK11/SES117/SA117S28	SES117	2.13196	-42.5942	-44.7262
BLOCK12/SES120/SA120S08	SES120	0.720886	-43.2511	-43.972
BLOCK12/SES120/SA120S11	SES120	0.22649	-43.9981	-44.2246
BLOCK12/SES120/SA120S22	SES120	0.923611	-41.8303	-42.7539
BLOCK12/SES120/SA120S24	SES120	1.22969	-41.909	-43.1387
BLOCK12/SES120/SA120S28	SES120	1.05761	-43.4678	-44.5254
BLOCK12/SES125/SA125S13	SES125	1.69151	-40.678	-42.3695
BLOCK12/SES125/SA125S14	SES125	1.29636	-41.5289	-42.8253
BLOCK12/SES125/SA125S25	SES125	2.46889	-40.349	-42.8178
BLOCK12/SES125/SA125S27	SES125	2.46694	-40.0886	-42.5555
BLOCK12/SES125/SA125S29	SES125	1.86124	-40.7633	-42.6245
BLOCK12/SES127/SA127S11	SES127	1.15619	-42.0017	-43.1579
BLOCK12/SES127/SA127S12	SES127	0.848339	-42.3819	-43.2303
BLOCK12/SES127/SA127S23	SES127	1.19938	-42.18	-43.3794
BLOCK12/SES127/SA127S25	SES127	0.603931	-42.9742	-43.5781
BLOCK12/SES127/SA127S27	SES127	1.7375	-41.584	-43.3215
BLOCK12/SES129/SA129S11	SES129	1.53783	-40.7219	-42.2598
BLOCK12/SES129/SA129S12	SES129	1.55353	-40.7639	-42.3174
BLOCK12/SES129/SA129S22	SES129	1.47795	-40.5344	-42.0124
BLOCK12/SES129/SA129S27	SES129	1.793	-40.3156	-42.1086
BLOCK12/SES129/SA129S29	SES129	1.71109	-40.1692	-41.8803
BLOCK14/SES142/SA142S11	SES142	2.38087	-41.8079	-44.1888
BLOCK14/SES142/SA142S12	SES142	2.54724	-41.9857	-44.533
BLOCK14/SES142/SA142S24	SES142	2.69519	-41.8191	-44.5143
BLOCK14/SES142/SA142S27	SES142	2.88452	-40.936	-43.8205
BLOCK14/SES142/SA142S29	SES142	2.51523	-41.0938	-43.6091
BLOCK14/SES143/SA143S12	SES143	1.63153	-42.5135	-44.145
BLOCK14/SES143/SA143S13	SES143	1.41343	-42.5775	-43.9909
BLOCK14/SES143/SA143S23	SES143	2.32858	-42.3172	-44.6458
BLOCK14/SES143/SA143S25	SES143	2.07765	-42.3474	-44.4251
BLOCK14/SES143/SA143S28	SES143	1.82599	-41.9476	-43.7735
BLOCK14/SES144/SA144S09	SES144	1.14123	-41.5589	-42.7001
BLOCK14/SES144/SA144S11	SES144	1.50837	-42.6573	-44.1656
BLOCK14/SES144/SA144S21	SES144	0.73111	-42.5973	-43.3284
BLOCK14/SES144/SA144S25	SES144	0.739685	-42.543	-43.2827
BLOCK14/SES144/SA144S29	SES144	0.83765	-42.1272	-42.9649
BLOCK14/SES146/SA146S14	SES146	0.870647	-42.9196	-43.7903
BLOCK14/SES146/SA146S15	SES146	0.286213	-42.784	-43.0702
BLOCK14/SES146/SA146S24	SES146	0.660999	-42.6352	-43.2962
BLOCK14/SES146/SA146S26	SES146	1.74608	-42.6036	-44.3496
BLOCK14/SES146/SA146S29	SES146	0.898685	-43.1309	-44.0296
BLOCK14/SES147/SA147S11	SES147	1.39721	-42.5386	-43.9358
BLOCK14/SES147/SA147S13	SES147	2.01306	-41.0407	-43.0538
BLOCK14/SES147/SA147S23	SES147	1.98657	-42.5524	-44.539
BLOCK14/SES147/SA147S26	SES147	1.62013	-42.0152	-43.6353
BLOCK14/SES147/SA147S28	SES147	1.42476	-42.0269	-43.4517
BLOCK14/SES148/SA148S10	SES148	1.19262	-41.5004	-42.693
BLOCK14/SES148/SA148S12	SES148	0.58437	-42.6668	-43.2512
BLOCK14/SES148/SA148S22	SES148	1.04108	-41.327	-42.3681
BLOCK14/SES148/SA148S26	SES148	1.32089	-42.1079	-43.4288
BLOCK14/SES148/SA148S29	SES148	0.921398	-42.0576	-42.979
BLOCK14/SES149/SA149S13	SES149	0.494812	-42.0178	-42.5126
BLOCK14/SES149/SA149S14	SES149	0.807049	-41.2287	-42.0358
BLOCK14/SES149/SA149S24	SES149	1.65358	-40.8825	-42.536
BLOCK14/SES149/SA149S26	SES149	2.04485	-40.3447	-42.3895
BLOCK14/SES149/SA149S28	SES149	2.385	-39.7521	-42.1371
BLOCK15/SES158/SA158S13	SES158	1.0188	-41.9527	-42.9715
BLOCK15/SES158/SA158S14	SES158	1.415	-42.0235	-43.4385
BLOCK15/SES158/SA158S23	SES158	0.853065	-41.7432	-42.5963
BLOCK15/SES158/SA158S26	SES158	1.60047	-41.6007	-43.2011
BLOCK15/SES158/SA158S28	SES158	0.750889	-42.281	-43.0319
BLOCK16/SES162/SA162S10	SES162	0.858166	-42.852	-43.7102
BLOCK16/SES162/SA162S11	SES162	1.54463	-42.1354	-43.68
BLOCK16/SES162/SA162S21	SES162	1.95751	-41.8198	-43.7773
BLOCK16/SES162/SA162S24	SES162	1.77676	-41.8443	-43.6211
BLOCK16/SES162/SA162S27	SES162	2.20476	-42.1322	-44.3369
BLOCK16/SES167/SA167S14	SES167	1.99698	-40.6452	-42.6422
BLOCK16/SES167/SA167S15	SES167	2.27169	-41.5519	-43.8236
BLOCK16/SES167/SA167S21	SES167	2.44243	-40.3647	-42.8071
BLOCK16/SES167/SA167S25	SES167	2.31594	-41.2307	-43.5466
BLOCK16/SES167/SA167S29	SES167	3.17628	-39.8492	-43.0255
BLOCK17/SES172/SA172S12	SES172	1.57617	-42.579	-44.1552
BLOCK17/SES172/SA172S13	SES172	2.26523	-42.193	-44.4582
BLOCK17/SES172/SA172S23	SES172	1.39533	-41.3427	-42.738
BLOCK17/SES172/SA172S27	SES172	1.35865	-42.1817	-43.5403
BLOCK17/SES172/SA172S29	SES172	1.07579	-42.5706	-43.6464
BLOCK17/SES175/SA175S11	SES175	2.19909	-41.6696	-43.8687
BLOCK17/SES175/SA175S13	SES175	1.35722	-41.7014	-43.0587
BLOCK17/SES175/SA175S23	SES175	2.07266	-41.9203	-43.993
BLOCK17/SES175/SA175S25	SES175	1.17388	-43.2794	-44.4533
BLOCK17/SES175/SA175S28	SES175	1.9609	-41.4719	-43.4328
BLOCK17/SES177/SA177S15	SES177	0.920483	-42.5122	-43.4327
BLOCK17/SES177/SA177S17	SES177	1.11586	-42.2139	-43.3297
BLOCK17/SES177/SA177S23	SES177	1.32317	-42.2012	-43.5244
BLOCK17/SES177/SA177S26	SES177	1.37319	-40.7337	-42.1069
BLOCK17/SES177/SA177S28	SES177	1.29347	-41.5186	-42.812
BLOCK18/SES180/SA180S13	SES180	1.69262	-41.9854	-43.6781
BLOCK18/SES180/SA180S15	SES180	1.3106	-42.1545	-43.4651
BLOCK18/SES180/SA180S24	SES180	1.94102	-41.1392	-43.0802
BLOCK18/SES180/SA180S26	SES180	1.86359	-41.6653	-43.5289
BLOCK18/SES180/SA180S29	SES180	2.20113	-41.7614	-43.9625
BLOCK18/SES183/SA183S13	SES183	1.27192	-42.4249	-43.6969
BLOCK18/SES183/SA183S14	SES183	0.38826	-43.1156	-43.5039
BLOCK18/SES183/SA183S24	SES183	1.75685	-42.6303	-44.3871
BLOCK18/SES183/SA183S27	SES183	1.59776	-41.9557	-43.5535
BLOCK18/SES183/SA183S29	SES183	1.79765	-41.4684	-43.2661
BLOCK18/SES187/SA187S13	SES187	1.15968	-43.3023	-44.462
BLOCK18/SES187/SA187S14	SES187	1.81435	-42.7506	-44.5649
BLOCK18/SES187/SA187S24	SES187	1.85184	-42.2033	-44.0552
BLOCK18/SES187/SA187S27	SES187	1.36864	-42.4504	-43.819
BLOCK18/SES187/SA187S29	SES187	1.74716	-42.8698	-44.617
BLOCK18/SES189/SA189S10	SES189	3.72116	-44.4166	-48.1377
BLOCK18/SES189/SA189S13	SES189	5.01505	-44.6987	-49.7138
BLOCK18/SES189/SA189S24	SES189	4.96914	-44.0138	-48.9829
BLOCK18/SES189/SA189S26	SES189	3.01477	-43.3908	-46.4056
BLOCK18/SES189/SA189S29	SES189	4.22729	-43.4064	-47.6337
BLOCK20/SES202/SA202S12	SES202	2.24551	-42.2958	-44.5413
BLOCK20/SES202/SA202S14	SES202	2.42515	-41.5633	-43.9885
BLOCK20/SES202/SA202S24	SES202	2.1219	-42.0861	-44.208
BLOCK20/SES202/SA202S27	SES202	2.74946	-40.8178	-43.5672
BLOCK20/SES202/SA202S29	SES202	3.20236	-40.4998	-43.7021
BLOCK20/SES206/SA206S15	SES206	0.294441	-41.3531	-41.6475
BLOCK20/SES206/SA206S17	SES206	1.7639	-40.5841	-42.348
BLOCK20/SES206/SA206S24	SES206	2.10913	-40.3919	-42.501
BLOCK20/SES206/SA206S27	SES206	1.53296	-41.3987	-42.9317
BLOCK20/SES206/SA206S29	SES206	1.49953	-40.0722	-41.5717
BLOCK22/SES226/SA226S12	SES226	1.12578	-41.6857	-42.8115
BLOCK22/SES226/SA226S13	SES226	-0.0141525	-42.7247	-42.7105
BLOCK22/SES226/SA226S20	SES226	1.02617	-42.0542	-43.0804
BLOCK22/SES226/SA226S23	SES226	1.25581	-41.3921	-42.6479
BLOCK22/SES226/SA226S28	SES226	1.47762	-40.5606	-42.0382
BLOCK25/SES259/SA259S13	SES259	2.16655	-40.6619	-42.8285
BLOCK25/SES259/SA259S14	SES259	1.72156	-40.869	-42.5906
BLOCK25/SES259/SA259S22	SES259	1.80601	-40.6383	-42.4443
BLOCK25/SES259/SA259S24	SES259	1.88865	-40.2864	-42.175
BLOCK25/SES259/SA259S28	SES259	1.56818	-40.3926	-41.9607
BLOCK27/SES270/SA270S14	SES270	1.82876	-42.3674	-44.1961
BLOCK27/SES270/SA270S16	SES270	0.874569	-42.2589	-43.1335
BLOCK27/SES270/SA270S22	SES270	1.39716	-42.2288	-43.626
BLOCK27/SES270/SA270S26	SES270	1.30041	-42.4744	-43.7748
BLOCK27/SES270/SA270S28	SES270	0.771122	-42.5007	-43.2718
BLOCK27/SES275/SA275S17	SES275	1.74105	-41.6564	-43.3975
BLOCK27/SES275/SA275S18	SES275	0.543354	-42.5654	-43.1088
BLOCK27/SES275/SA275S24	SES275	0.817577	-43.014	-43.8316
BLOCK27/SES275/SA275S26	SES275	0.804489	-41.87	-42.6745
BLOCK27/SES275/SA275S28	SES275	0.927544	-42.275	-43.2025
BLOCK29/SES292/SA292S10	SES292	0.0405045	-42.4276	-42.4681
BLOCK29/SES292/SA292S12	SES292	0.876163	-43.3824	-44.2586
BLOCK29/SES292/SA292S22	SES292	0.521339	-42.2029	-42.7242
BLOCK29/SES292/SA292S24	SES292	0.573803	-42.0537	-42.6275
BLOCK29/SES292/SA292S27	SES292	0.530304	-41.8994	-42.4297
BLOCK00/SES001/SA001S14	SES062	-1.14793	-43.6397	-42.4918
BLOCK00/SES001/SA001S14	SES082	-0.339317	-42.8311	-42.4918
BLOCK00/SES001/SA001S14	SES106	-0.682858	-43.1746	-42.4918
BLOCK00/SES001/SA001S14	SES206	-0.55167	-43.0434	-42.4918
BLOCK00/SES001/SA001S15	SES062	-0.862442	-42.3136	-41.4511
BLOCK00/SES001/SA001S15	SES104	-0.901783	-42.3529	-41.4511
BLOCK00/SES001/SA001S15	SES106	-0.536064	-41.9872	-41.4511
BLOCK00/SES001/SA001S15	SES206	-0.532726	-41.9839	-41.4511
BLOCK00/SES001/SA001S24	SES062	-1.0891	-43.8571	-42.768
BLOCK00/SES001/SA001S24	SES082	-1.00224	-43.7703	-42.768
BLOCK00/SES001/SA001S24	SES087	-0.593761	-43.3618	-42.768
BLOCK00/SES001/SA001S24	SES206	-0.971924	-43.74	-42.768
BLOCK00/SES001/SA001S27	SES062	-0.700497	-42.5763	-41.8758
BLOCK00/SES001/SA001S27	SES082	-0.896465	-42.7722	-41.8758
BLOCK00/SES001/SA001S27	SES087	-0.51823	-42.394	-41.8758
BLOCK00/SES001/SA001S27	SES206	-1.13834	-43.0141	-41.8758
BLOCK00/SES001/SA001S29	SES062	-0.906731	-43.5498	-42.6431
BLOCK00/SES001/SA001S29	SES082	-0.159306	-42.8024	-42.6431
BLOCK00/SES001/SA001S29	SES158	-0.242947	-42.886	-42.6431
BLOCK00/SES001/SA001S29	SES206	-0.886002	-43.5291	-42.6431
BLOCK00/SES003/SA003S11	SES002	0.357197	-42.3661	-42.7233
BLOCK00/SES003/SA003S11	SES019	-0.178562	-42.9019	-42.7233
BLOCK00/SES003/SA003S11	SES082	0.0132561	-42.7101	-42.7233
BLOCK00/SES003/SA003S11	SES125	-0.430325	-43.1537	-42.7233
BLOCK00/SES003/SA003S15	SES016	-2.02286	-44.032	-42.0092
BLOCK00/SES003/SA003S15	SES019	-0.344383	-42.3535	-42.0092
BLOCK00/SES003/SA003S15	SES062	-0.829628	-42.8388	-42.0092
BLOCK00/SES003/SA003S15	SES206	-0.0973816	-42.1065	-42.0092
BLOCK00/SES003/SA003S22	SES002	0.0237656	-42.4269	-42.4506
BLOCK00/SES003/SA003S22	SES062	-0.460808	-42.9114	-42.4506
BLOCK00/SES003/SA003S22	SES082	-0.432178	-42.8828	-42.4506
BLOCK00/SES003/SA003S22	SES087	-0.174988	-42.6256	-42.4506
BLOCK00/SES003/SA003S25	SES062	-1.91225	-45.0866	-43.1743
BLOCK00/SES003/SA003S25	SES082	0.0469704	-43.1273	-43.1743
BLOCK00/SES003/SA003S25	SES087	-0.343792	-43.5181	-43.1743
BLOCK00/SES003/SA003S25	SES206	-0.27644	-43.4508	-43.1743
BLOCK00/SES003/SA003S29	SES002	0.132538	-42.6463	-42.7788
BLOCK00/SES003/SA003S29	SES062	-0.896111	-43.6749	-42.7788
BLOCK00/SES003/SA003S29	SES082	-0.0511398	-42.8299	-42.7788
BLOCK00/SES003/SA003S29	SES087	-0.01231	-42.7911	-42.7788
BLOCK00/SES004/SA004S12	SES083	-0.357391	-43.8455	-43.4882
BLOCK00/SES004/SA004S12	SES148	-0.788651	-44.2768	-43.4882
BLOCK00/SES004/SA004S12	SES172	-0.0609207	-43.5491	-43.4882
BLOCK00/SES004/SA004S12	SES292	-0.637074	-44.1252	-43.4882
BLOCK00/SES004/SA004S17	SES083	-0.304688	-44.0003	-43.6956
BLOCK00/SES004/SA004S17	SES162	0.202763	-43.4928	-43.6956
BLOCK00/SES004/SA004S17	SES172	-0.254158	-43.9497	-43.6956
BLOCK00/SES004/SA004S17	SES292	-0.28569	-43.9813	-43.6956
BLOCK00/SES004/SA004S24	SES083	0.0414543	-43.1752	-43.2167
BLOCK00/SES004/SA004S24	SES148	-0.581467	-43.7981	-43.2167
BLOCK00/SES004/SA004S24	SES172	0.0943909	-43.1223	-43.2167
BLOCK00/SES004/SA004S24	SES292	0.0266037	-43.1901	-43.2167
BLOCK00/SES004/SA004S26	SES083	0.0559425	-43.0091	-43.065
BLOCK00/SES004/SA004S26	SES127	0.172039	-42.893	-43.065
BLOCK00/SES004/SA004S26	SES148	-0.988438	-44.0535	-43.065
BLOCK00/SES004/SA004S26	SES292	-0.0446014	-43.1096	-43.065
BLOCK00/SES004/SA004S28	SES083	-0.342838	-43.4224	-43.0796
BLOCK00/SES004/SA004S28	SES127	-0.660362	-43.74	-43.0796
BLOCK00/SES004/SA004S28	SES187	-0.331512	-43.4111	-43.0796
BLOCK00/SES004/SA004S28	SES292	-0.63686	-43.7165	-43.0796
BLOCK00/SES006/SA006S10	SES014	-1.75342	-45.9489	-44.1955
BLOCK00/SES006/SA006S10	SES158	-0.165901	-44.3614	-44.1955
BLOCK00/SES006/SA006S10	SES226	-2.08154	-46.277	-44.1955
BLOCK00/SES006/SA006S10	SES270	-0.543571	-44.739	-44.1955
BLOCK00/SES006/SA006S11	SES158	0.180687	-43.9188	-44.0995
BLOCK00/SES006/SA006S11	SES226	-1.17422	-45.2737	-44.0995
BLOCK00/SES006/SA006S11	SES270	-0.43499	-44.5345	-44.0995
BLOCK00/SES006/SA006S11	SES275	-1.85226	-45.9518	-44.0995
BLOCK00/SES006/SA006S23	SES062	-1.92817	-45.1023	-43.1742
BLOCK00/SES006/SA006S23	SES105	-1.29057	-44.4647	-43.1742
BLOCK00/SES006/SA006S23	SES158	-0.0277519	-43.2019	-43.1742
BLOCK00/SES006/SA006S23	SES275	-1.35062	-44.5248	-43.1742
BLOCK00/SES006/SA006S26	SES104	-0.469009	-43.2969	-42.8279
BLOCK00/SES006/SA006S26	SES158	0.141384	-42.6865	-42.8279
BLOCK00/SES006/SA006S26	SES270	0.0411224	-42.7868	-42.8279
BLOCK00/SES006/SA006S26	SES275	-1.88944	-44.7173	-42.8279
BLOCK00/SES006/SA006S28	SES007	-1.42039	-45.4772	-44.0568
BLOCK00/SES006/SA006S28	SES105	-0.925484	-44.9823	-44.0568
BLOCK00/SES006/SA006S28	SES158	0.0199356	-44.0369	-44.0568
BLOCK00/SES006/SA006S28	SES275	-1.66606	-45.7229	-44.0568
BLOCK00/SES009/SA009S12	SES083	-0.517826	-42.8699	-42.3521
BLOCK00/SES009/SA009S12	SES148	-0.823586	-43.1757	-42.3521
BLOCK00/SES009/SA009S12	SES177	-1.28968	-43.6417	-42.3521
BLOCK00/SES009/SA009S12	SES292	-0.196442	-42.5485	-42.3521
BLOCK00/SES009/SA009S15	SES007	0.758926	-41.0688	-41.8277
BLOCK00/SES009/SA009S15	SES099	-1.0984	-42.9261	-41.8277
BLOCK00/SES009/SA009S15	SES148	-1.01657	-42.8443	-41.8277
BLOCK00/SES009/SA009S15	SES172	-0.636578	-42.4643	-41.8277
BLOCK00/SES009/SA009S24	SES146	-0.299015	-42.6151	-42.316
BLOCK00/SES009/SA009S24	SES148	-0.555443	-42.8715	-42.316
BLOCK00/SES009/SA009S24	SES177	-0.969837	-43.2859	-42.316
BLOCK00/SES009/SA009S24	SES292	0.0247307	-42.2913	-42.316
BLOCK00/SES009/SA009S26	SES083	-0.445259	-43.2939	-42.8486
BLOCK00/SES009/SA009S26	SES101	-0.280109	-43.1287	-42.8486
BLOCK00/SES009/SA009S26	SES120	-0.0569344	-42.9056	-42.8486
BLOCK00/SES009/SA009S26	SES177	-1.11684	-43.9655	-42.8486
BLOCK00/SES009/SA009S29	SES083	-0.142929	-42.3393	-42.1963
BLOCK00/SES009/SA009S29	SES101	-0.19688	-42.3932	-42.1963
BLOCK00/SES009/SA009S29	SES177	-0.692734	-42.8891	-42.1963
BLOCK00/SES009/SA009S29	SES292	0.14513	-42.0512	-42.1963
BLOCK01/SES011/SA011S10	SES019	-0.0347557	-42.9904	-42.9556
BLOCK01/SES011/SA011S10	SES042	0.610367	-42.3453	-42.9556
BLOCK01/SES011/SA011S10	SES082	-0.562698	-43.5183	-42.9556
BLOCK01/SES011/SA011S10	SES206	0.166096	-42.7895	-42.9556
BLOCK01/SES011/SA011S11	SES019	-0.197311	-43.883	-43.6857
BLOCK01/SES011/SA011S11	SES042	0.484489	-43.2012	-43.6857
BLOCK01/SES011/SA011S11	SES082	-0.352398	-44.0381	-43.6857
BLOCK01/SES011/SA011S11	SES206	0.333138	-43.3525	-43.6857
BLOCK01/SES011/SA011S22	SES019	-0.070713	-42.8881	-42.8174
BLOCK01/SES011/SA011S22	SES042	0.908978	-41.9085	-42.8174
BLOCK01/SES011/SA011S22	SES082	-0.380672	-43.1981	-42.8174
BLOCK01/SES011/SA011S22	SES206	-0.0828514	-42.9003	-42.8174
BLOCK01/SES011/SA011S24	SES019	-0.188862	-42.3543	-42.1654
BLOCK01/SES011/SA011S24	SES042	0.979664	-41.1857	-42.1654
BLOCK01/SES011/SA011S24	SES104	-0.340977	-42.5064	-42.1654
BLOCK01/SES011/SA011S24	SES206	0.430862	-41.7345	-42.1654
BLOCK01/SES011/SA011S27	SES082	0.300991	-42.4231	-42.7241
BLOCK01/SES011/SA011S27	SES087	0.0374336	-42.6866	-42.7241
BLOCK01/SES011/SA011S27	SES125	0.48201	-42.242	-42.7241
BLOCK01/SES011/SA011S27	SES206	0.37027	-42.3538	-42.7241
BLOCK01/SES012/SA012S11	SES007	-0.74567	-42.4086	-41.6629
BLOCK01/SES012/SA012S11	SES082	-0.131851	-41.7948	-41.6629
BLOCK01/SES012/SA012S11	SES083	-1.04974	-42.7126	-41.6629
BLOCK01/SES012/SA012S11	SES206	-0.152233	-41.8151	-41.6629
BLOCK01/SES012/SA012S14	SES082	0.0908546	-41.9509	-42.0418
BLOCK01/SES012/SA012S14	SES087	-0.909622	-42.9514	-42.0418
BLOCK01/SES012/SA012S14	SES206	-0.367104	-42.4089	-42.0418
BLOCK01/SES012/SA012S14	SES292	-1.47336	-43.5151	-42.0418
BLOCK01/SES012/SA012S24	SES082	0.793598	-42.0961	-42.8897
BLOCK01/SES012/SA012S24	SES087	-0.253025	-43.1427	-42.8897
BLOCK01/SES012/SA012S24	SES120	-1.56768	-44.4574	-42.8897
BLOCK01/SES012/SA012S24	SES206	0.0289803	-42.8607	-42.8897
BLOCK01/SES012/SA012S26	SES019	-1.81222	-43.764	-41.9518
BLOCK01/SES012/SA012S26	SES082	-0.401764	-42.3536	-41.9518
BLOCK01/SES012/SA012S26	SES206	0.245899	-41.7059	-41.9518
BLOCK01/SES012/SA012S26	SES292	-1.73256	-43.6844	-41.9518
BLOCK01/SES012/SA012S29	SES062	-0.664581	-42.6233	-41.9587
BLOCK01/SES012/SA012S29	SES082	-0.10368	-42.0624	-41.9587
BLOCK01/SES012/SA012S29	SES083	-1.42532	-43.384	-41.9587
BLOCK01/SES012/SA012S29	SES206	-0.0809746	-42.0397	-41.9587
BLOCK01/SES013/SA013S16	SES062	-1.46501	-44.3067	-42.8416
BLOCK01/SES013/SA013S16	SES106	0.25465	-42.587	-42.8416
BLOCK01/SES013/SA013S16	SES206	-0.188454	-43.0301	-42.8416
BLOCK01/SES013/SA013S16	SES226	-0.0819206	-42.9236	-42.8416
BLOCK01/SES013/SA013S17	SES062	-1.48945	-43.6779	-42.1884
BLOCK01/SES013/SA013S17	SES106	-0.395485	-42.5839	-42.1884
BLOCK01/SES013/SA013S17	SES206	0.618874	-41.5696	-42.1884
BLOCK01/SES013/SA013S17	SES226	0.28529	-41.9032	-42.1884
BLOCK01/SES013/SA013S23	SES104	-0.377232	-43.2582	-42.881
BLOCK01/SES013/SA013S23	SES106	0.291508	-42.5895	-42.881
BLOCK01/SES013/SA013S23	SES206	-0.105267	-42.9863	-42.881
BLOCK01/SES013/SA013S23	SES270	0.0953674	-42.7856	-42.881
BLOCK01/SES013/SA013S25	SES042	-0.353081	-42.6712	-42.3181
BLOCK01/SES013/SA013S25	SES104	-0.169769	-42.4879	-42.3181
BLOCK01/SES013/SA013S25	SES106	0.651932	-41.6662	-42.3181
BLOCK01/SES013/SA013S25	SES206	0.119823	-42.1983	-42.3181
BLOCK01/SES013/SA013S29	SES062	-1.91253	-44.512	-42.5994
BLOCK01/SES013/SA013S29	SES104	-0.418037	-43.0175	-42.5994
BLOCK01/SES013/SA013S29	SES106	0.325996	-42.2734	-42.5994
BLOCK01/SES013/SA013S29	SES206	-0.709976	-43.3094	-42.5994
BLOCK02/SES021/SA021S13	SES016	-1.91135	-43.5135	-41.6022
BLOCK02/SES021/SA021S13	SES029	-1.4775	-43.0797	-41.6022
BLOCK02/SES021/SA021S13	SES087	-0.57399	-42.1762	-41.6022
BLOCK02/SES021/SA021S13	SES206	-0.471447	-42.0736	-41.6022
BLOCK02/SES021/SA021S15	SES087	0.0724983	-40.8017	-40.8742
BLOCK02/SES021/SA021S15	SES125	0.190891	-40.6833	-40.8742
BLOCK02/SES021/SA021S15	SES206	0.474495	-40.3997	-40.8742
BLOCK02/SES021/SA021S15	SES226	-0.0292435	-40.9034	-40.8742
BLOCK02/SES021/SA021S23	SES062	-1.06142	-43.9881	-42.9267
BLOCK02/SES021/SA021S23	SES087	0.289162	-42.6375	-42.9267
BLOCK02/SES021/SA021S23	SES206	-0.100494	-43.0272	-42.9267
BLOCK02/SES021/SA021S23	SES226	0.256405	-42.6703	-42.9267
BLOCK02/SES021/SA021S27	SES002	0.168713	-41.8559	-42.0246
BLOCK02/SES021/SA021S27	SES016	-2.34657	-44.3711	-42.0246
BLOCK02/SES021/SA021S27	SES019	-0.160156	-42.1847	-42.0246
BLOCK02/SES021/SA021S27	SES062	-0.497276	-42.5219	-42.0246
BLOCK02/SES021/SA021S29	SES087	0.109489	-41.899	-42.0084
BLOCK02/SES021/SA021S29	SES125	0.829372	-41.1791	-42.0084
BLOCK02/SES021/SA021S29	SES206	0.405975	-41.6025	-42.0084
BLOCK02/SES021/SA021S29	SES226	0.220665	-41.7878	-42.0084
BLOCK04/SES043/SA043S09	SES083	-0.279022	-44.2357	-43.9567
BLOCK04/SES043/SA043S09	SES101	-0.876907	-44.8336	-43.9567
BLOCK04/SES043/SA043S09	SES144	0.0981903	-43.8585	-43.9567
BLOCK04/SES043/SA043S09	SES172	-1.27277	-45.2295	-43.9567
BLOCK04/SES043/SA043S11	SES083	-0.133831	-42.6953	-42.5615
BLOCK04/SES043/SA043S11	SES101	-0.609913	-43.1714	-42.5615
BLOCK04/SES043/SA043S11	SES144	-0.277714	-42.8392	-42.5615
BLOCK04/SES043/SA043S11	SES172	-0.387295	-42.9488	-42.5615
BLOCK04/SES043/SA043S23	SES083	0.0145302	-42.7002	-42.7148
BLOCK04/SES043/SA043S23	SES144	0.17046	-42.5443	-42.7148
BLOCK04/SES043/SA043S23	SES177	-1.50813	-44.2229	-42.7148
BLOCK04/SES043/SA043S23	SES275	-0.597599	-43.3124	-42.7148
BLOCK04/SES043/SA043S26	SES083	-0.185326	-43.0123	-42.827
BLOCK04/SES043/SA043S26	SES101	-0.398018	-43.225	-42.827
BLOCK04/SES043/SA043S26	SES144	0.219181	-42.6078	-42.827
BLOCK04/SES043/SA043S26	SES177	-1.0283	-43.8553	-42.827
BLOCK04/SES043/SA043S28	SES016	-0.40078	-42.4446	-42.0438
BLOCK04/SES043/SA043S28	SES083	-0.14492	-42.1887	-42.0438
BLOCK04/SES043/SA043S28	SES101	-0.0803299	-42.1241	-42.0438
BLOCK04/SES043/SA043S28	SES144	-0.6689	-42.7127	-42.0438
BLOCK04/SES044/SA044S10	SES127	-1.18953	-45.7773	-44.5877
BLOCK04/SES044/SA044S10	SES144	0.261402	-44.3263	-44.5877
BLOCK04/SES044/SA044S10	SES147	-1.24025	-45.828	-44.5877
BLOCK04/SES044/SA044S10	SES148	-1.0797	-45.6674	-44.5877
BLOCK04/SES044/SA044S11	SES101	0.0769234	-44.311	-44.3879
BLOCK04/SES044/SA044S11	SES144	0.960415	-43.4275	-44.3879
BLOCK04/SES044/SA044S11	SES147	-0.207954	-44.5959	-44.3879
BLOCK04/SES044/SA044S11	SES177	-0.372089	-44.76	-44.3879
BLOCK04/SES044/SA044S24	SES007	-0.599186	-44.3658	-43.7666
BLOCK04/SES044/SA044S24	SES101	0.154823	-43.6118	-43.7666
BLOCK04/SES044/SA044S24	SES147	-0.572308	-44.3389	-43.7666
BLOCK04/SES044/SA044S24	SES177	-1.23757	-45.0042	-43.7666
BLOCK04/SES044/SA044S26	SES007	-0.895355	-44.2069	-43.3116
BLOCK04/SES044/SA044S26	SES016	-0.462986	-43.7745	-43.3116
BLOCK04/SES044/SA044S26	SES101	-0.461761	-43.7733	-43.3116
BLOCK04/SES044/SA044S26	SES147	-0.202705	-43.5143	-43.3116
BLOCK04/SES044/SA044S29	SES007	-0.736446	-43.7622	-43.0257
BLOCK04/SES044/SA044S29	SES101	0.284794	-42.7409	-43.0257
BLOCK04/SES044/SA044S29	SES147	-0.354164	-43.3799	-43.0257
BLOCK04/SES044/SA044S29	SES177	-0.147072	-43.1728	-43.0257
BLOCK04/SES046/SA046S13	SES101	-0.577923	-45.4097	-44.8318
BLOCK04/SES046/SA046S13	SES144	0.828449	-44.0033	-44.8318
BLOCK04/SES046/SA046S13	SES147	0.45351	-44.3783	-44.8318
BLOCK04/SES046/SA046S13	SES177	-0.486004	-45.3178	-44.8318
BLOCK04/SES046/SA046S15	SES048	-0.829979	-43.5113	-42.6814
BLOCK04/SES046/SA046S15	SES083	0.143555	-42.5378	-42.6814
BLOCK04/SES046/SA046S15	SES120	-0.783527	-43.4649	-42.6814
BLOCK04/SES046/SA046S15	SES148	0.182758	-42.4986	-42.6814
BLOCK04/SES046/SA046S22	SES101	0.14529	-43.7538	-43.8991
BLOCK04/SES046/SA046S22	SES144	0.285446	-43.6137	-43.8991
BLOCK04/SES046/SA046S22	SES147	-0.000255585	-43.8994	-43.8991
BLOCK04/SES046/SA046S22	SES172	0.338684	-43.5604	-43.8991
BLOCK04/SES046/SA046S25	SES083	-0.554134	-44.2455	-43.6914
BLOCK04/SES046/SA046S25	SES127	-0.16711	-43.8585	-43.6914
BLOCK04/SES046/SA046S25	SES144	-1.08184	-44.7733	-43.6914
BLOCK04/SES046/SA046S25	SES148	-0.175087	-43.8665	-43.6914
BLOCK04/SES046/SA046S28	SES007	-0.304203	-45.0606	-44.7564
BLOCK04/SES046/SA046S28	SES105	-0.994308	-45.7507	-44.7564
BLOCK04/SES046/SA046S28	SES147	0.327099	-44.4293	-44.7564
BLOCK04/SES046/SA046S28	SES148	1.17831	-43.5781	-44.7564
BLOCK04/SES049/SA049S16	SES104	-0.206234	-44.3777	-44.1715
BLOCK04/SES049/SA049S16	SES106	-0.294033	-44.4655	-44.1715
BLOCK04/SES049/SA049S16	SES120	-1.61597	-45.7875	-44.1715
BLOCK04/SES049/SA049S16	SES206	-0.347523	-44.519	-44.1715
BLOCK04/SES049/SA049S18	SES099	-0.203335	-44.9794	-44.7761
BLOCK04/SES049/SA049S18	SES104	-1.28198	-46.058	-44.7761
BLOCK04/SES049/SA049S18	SES125	-1.49144	-46.2675	-44.7761
BLOCK04/SES049/SA049S18	SES206	-0.853848	-45.6299	-44.7761
BLOCK04/SES049/SA049S25	SES087	0.0815048	-43.7266	-43.8081
BLOCK04/SES049/SA049S25	SES104	-0.00792313	-43.816	-43.8081
BLOCK04/SES049/SA049S25	SES125	-0.708912	-44.517	-43.8081
BLOCK04/SES049/SA049S25	SES206	-0.0196686	-43.8277	-43.8081
BLOCK04/SES049/SA049S27	SES099	0.446682	-43.1068	-43.5535
BLOCK04/SES049/SA049S27	SES104	0.424393	-43.1291	-43.5535
BLOCK04/SES049/SA049S27	SES125	-0.49094	-44.0444	-43.5535
BLOCK04/SES049/SA049S27	SES206	0.0894241	-43.464	-43.5535
BLOCK04/SES049/SA049S29	SES099	0.505249	-42.2689	-42.7741
BLOCK04/SES049/SA049S29	SES104	0.559288	-42.2148	-42.7741
BLOCK04/SES049/SA049S29	SES125	-0.257179	-43.0313	-42.7741
BLOCK04/SES049/SA049S29	SES206	0.363464	-42.4107	-42.7741
BLOCK06/SES063/SA063S09	SES068	-0.106949	-43.3313	-43.2244
BLOCK06/SES063/SA063S09	SES083	0.386208	-42.8382	-43.2244
BLOCK06/SES063/SA063S09	SES177	0.155201	-43.0692	-43.2244
BLOCK06/SES063/SA063S09	SES187	0.111828	-43.1125	-43.2244
BLOCK06/SES063/SA063S10	SES068	0.0976334	-43.256	-43.3536
BLOCK06/SES063/SA063S10	SES083	0.66888	-42.6847	-43.3536
BLOCK06/SES063/SA063S10	SES172	0.989372	-42.3643	-43.3536
BLOCK06/SES063/SA063S10	SES187	0.396671	-42.957	-43.3536
BLOCK06/SES063/SA063S20	SES068	0.0412521	-43.6193	-43.6606
BLOCK06/SES063/SA063S20	SES083	0.352303	-43.3083	-43.6606
BLOCK06/SES063/SA063S20	SES172	0.805737	-42.8548	-43.6606
BLOCK06/SES063/SA063S20	SES187	1.40379	-42.2568	-43.6606
BLOCK06/SES063/SA063S24	SES029	-0.320709	-43.1232	-42.8025
BLOCK06/SES063/SA063S24	SES083	0.656658	-42.1458	-42.8025
BLOCK06/SES063/SA063S24	SES177	0.700417	-42.102	-42.8025
BLOCK06/SES063/SA063S24	SES189	-0.829243	-43.6317	-42.8025
BLOCK06/SES063/SA063S27	SES083	0.591908	-43.2564	-43.8483
BLOCK06/SES063/SA063S27	SES172	1.40164	-42.4466	-43.8483
BLOCK06/SES063/SA063S27	SES187	0.300335	-43.5479	-43.8483
BLOCK06/SES063/SA063S27	SES292	0.14476	-43.7035	-43.8483
BLOCK06/SES067/SA067S12	SES083	-0.319439	-43.1579	-42.8384
BLOCK06/SES067/SA067S12	SES172	-0.47974	-43.3182	-42.8384
BLOCK06/SES067/SA067S12	SES202	1.1749	-41.6635	-42.8384
BLOCK06/SES067/SA067S12	SES292	-0.490021	-43.3285	-42.8384
BLOCK06/SES067/SA067S14	SES085	-0.150539	-42.4966	-42.3461
BLOCK06/SES067/SA067S14	SES177	-0.834	-43.1801	-42.3461
BLOCK06/SES067/SA067S14	SES183	0.280861	-42.0652	-42.3461
BLOCK06/SES067/SA067S14	SES202	-0.0329361	-42.379	-42.3461
BLOCK06/SES067/SA067S21	SES144	0.101315	-43.5058	-43.6072
BLOCK06/SES067/SA067S21	SES177	-0.429874	-44.037	-43.6072
BLOCK06/SES067/SA067S21	SES183	-0.477222	-44.0844	-43.6072
BLOCK06/SES067/SA067S21	SES189	-0.302063	-43.9092	-43.6072
BLOCK06/SES067/SA067S25	SES085	0.128578	-42.5877	-42.7163
BLOCK06/SES067/SA067S25	SES177	0.319946	-42.3963	-42.7163
BLOCK06/SES067/SA067S25	SES183	0.298973	-42.4173	-42.7163
BLOCK06/SES067/SA067S25	SES202	0.620674	-42.0956	-42.7163
BLOCK06/SES067/SA067S29	SES085	0.0346489	-43.0397	-43.0744
BLOCK06/SES067/SA067S29	SES177	0.0832634	-42.9911	-43.0744
BLOCK06/SES067/SA067S29	SES183	0.572792	-42.5016	-43.0744
BLOCK06/SES067/SA067S29	SES202	1.15108	-41.9233	-43.0744
BLOCK06/SES069/SA069S12	SES029	-1.21161	-43.5697	-42.3581
BLOCK06/SES069/SA069S12	SES082	0.237438	-42.1207	-42.3581
BLOCK06/SES069/SA069S12	SES087	0.0845757	-42.2736	-42.3581
BLOCK06/SES069/SA069S12	SES206	0.382107	-41.976	-42.3581
BLOCK06/SES069/SA069S13	SES029	-1.37546	-43.8614	-42.486
BLOCK06/SES069/SA069S13	SES087	-0.18399	-42.6699	-42.486
BLOCK06/SES069/SA069S13	SES206	-0.505264	-42.9912	-42.486
BLOCK06/SES069/SA069S13	SES226	-0.296482	-42.7824	-42.486
BLOCK06/SES069/SA069S23	SES029	-1.0168	-42.2114	-41.1946
BLOCK06/SES069/SA069S23	SES087	0.549789	-40.6448	-41.1946
BLOCK06/SES069/SA069S23	SES206	-0.237175	-41.4318	-41.1946
BLOCK06/SES069/SA069S23	SES226	0.283283	-40.9113	-41.1946
BLOCK06/SES069/SA069S25	SES087	-0.00105286	-41.3296	-41.3286
BLOCK06/SES069/SA069S25	SES206	-1.16232	-42.4909	-41.3286
BLOCK06/SES069/SA069S25	SES226	-0.024395	-41.353	-41.3286
BLOCK06/SES069/SA069S25	SES270	-1.42543	-42.754	-41.3286
BLOCK06/SES069/SA069S27	SES087	0.0848007	-41.6822	-41.767
BLOCK06/SES069/SA069S27	SES206	0.285423	-41.4816	-41.767
BLOCK06/SES069/SA069S27	SES226	0.583351	-41.1837	-41.767
BLOCK06/SES069/SA069S27	SES270	-0.570412	-42.3374	-41.767
BLOCK08/SES081/SA081S11	SES060	0.394939	-43.2477	-43.6426
BLOCK08/SES081/SA081S11	SES062	-0.868786	-44.5114	-43.6426
BLOCK08/SES081/SA081S11	SES117	-0.0792885	-43.7219	-43.6426
BLOCK08/SES081/SA081S11	SES162	0.213173	-43.4294	-43.6426
BLOCK08/SES081/SA081S13	SES016	0.848682	-41.72	-42.5686
BLOCK08/SES081/SA081S13	SES060	1.1256	-41.443	-42.5686
BLOCK08/SES081/SA081S13	SES068	0.736721	-41.8319	-42.5686
BLOCK08/SES081/SA081S13	SES129	-0.814548	-43.3832	-42.5686
BLOCK08/SES081/SA081S24	SES060	1.16144	-41.9594	-43.1209
BLOCK08/SES081/SA081S24	SES068	0.881336	-42.2395	-43.1209
BLOCK08/SES081/SA081S24	SES117	0.0793724	-43.0415	-43.1209
BLOCK08/SES081/SA081S24	SES275	-0.47699	-43.5979	-43.1209
BLOCK08/SES081/SA081S27	SES007	0.0115318	-43.4613	-43.4729
BLOCK08/SES081/SA081S27	SES060	0.511147	-42.9617	-43.4729
BLOCK08/SES081/SA081S27	SES117	0.754856	-42.718	-43.4729
BLOCK08/SES081/SA081S27	SES275	-0.460926	-43.9338	-43.4729
BLOCK08/SES081/SA081S29	SES007	0.401169	-42.7892	-43.1904
BLOCK08/SES081/SA081S29	SES060	1.45784	-41.7326	-43.1904
BLOCK08/SES081/SA081S29	SES117	0.840843	-42.3496	-43.1904
BLOCK08/SES081/SA081S29	SES275	-0.401386	-43.5918	-43.1904
BLOCK08/SES086/SA086S11	SES029	-2.7522	-46.5375	-43.7853
BLOCK08/SES086/SA086S11	SES082	-0.498161	-44.2835	-43.7853
BLOCK08/SES086/SA086S11	SES087	0.805923	-42.9794	-43.7853
BLOCK08/SES086/SA086S11	SES206	-0.822601	-44.6079	-43.7853
BLOCK08/SES086/SA086S12	SES029	-2.05337	-45.486	-43.4327
BLOCK08/SES086/SA086S12	SES082	-0.822617	-44.2553	-43.4327
BLOCK08/SES086/SA086S12	SES087	0.978989	-42.4537	-43.4327
BLOCK08/SES086/SA086S12	SES206	-0.587742	-44.0204	-43.4327
BLOCK08/SES086/SA086S20	SES029	-2.47775	-44.6155	-42.1377
BLOCK08/SES086/SA086S20	SES082	-0.589039	-42.7267	-42.1377
BLOCK08/SES086/SA086S20	SES087	0.699112	-41.4386	-42.1377
BLOCK08/SES086/SA086S20	SES206	0.112247	-42.0255	-42.1377
BLOCK08/SES086/SA086S24	SES087	0.424213	-42.7947	-43.2189
BLOCK08/SES086/SA086S24	SES104	-0.450653	-43.6696	-43.2189
BLOCK08/SES086/SA086S24	SES120	-1.48988	-44.7088	-43.2189
BLOCK08/SES086/SA086S24	SES206	0.272457	-42.9465	-43.2189
BLOCK08/SES086/SA086S28	SES029	-2.05954	-44.108	-42.0485
BLOCK08/SES086/SA086S28	SES082	-0.356564	-42.405	-42.0485
BLOCK08/SES086/SA086S28	SES087	0.315662	-41.7328	-42.0485
BLOCK08/SES086/SA086S28	SES206	0.094635	-41.9538	-42.0485
BLOCK08/SES089/SA089S13	SES087	0.227245	-42.9885	-43.2157
BLOCK08/SES089/SA089S13	SES206	0.00790405	-43.2078	-43.2157
BLOCK08/SES089/SA089S13	SES226	0.0816956	-43.134	-43.2157
BLOCK08/SES089/SA089S13	SES270	-0.964279	-44.18	-43.2157
BLOCK08/SES089/SA089S14	SES062	-0.618946	-43.0584	-42.4395
BLOCK08/SES089/SA089S14	SES087	0.499413	-41.9401	-42.4395
BLOCK08/SES089/SA089S14	SES206	0.169704	-42.2698	-42.4395
BLOCK08/SES089/SA089S14	SES226	0.374653	-42.0648	-42.4395
BLOCK08/SES089/SA089S23	SES087	0.451103	-43.0273	-43.4784
BLOCK08/SES089/SA089S23	SES206	0.126854	-43.3515	-43.4784
BLOCK08/SES089/SA089S23	SES226	0.256939	-43.2215	-43.4784
BLOCK08/SES089/SA089S23	SES270	-0.698387	-44.1768	-43.4784
BLOCK08/SES089/SA089S25	SES062	-0.626503	-43.5009	-42.8744
BLOCK08/SES089/SA089S25	SES087	0.940014	-41.9344	-42.8744
BLOCK08/SES089/SA089S25	SES206	-0.334282	-43.2087	-42.8744
BLOCK08/SES089/SA089S25	SES226	0.82476	-42.0497	-42.8744
BLOCK08/SES089/SA089S28	SES062	-0.0971603	-42.9956	-42.8984
BLOCK08/SES089/SA089S28	SES087	0.84539	-42.053	-42.8984
BLOCK08/SES089/SA089S28	SES206	0.236137	-42.6623	-42.8984
BLOCK08/SES089/SA089S28	SES226	0.629517	-42.2689	-42.8984
BLOCK09/SES097/SA097S11	SES099	0.860603	-42.8475	-43.7082
BLOCK09/SES097/SA097S11	SES125	0.178753	-43.5294	-43.7082
BLOCK09/SES097/SA097S11	SES206	0.143887	-43.5643	-43.7082
BLOCK09/SES097/SA097S11	SES226	0.53772	-43.1704	-43.7082
BLOCK09/SES097/SA097S14	SES062	-0.686974	-43.8496	-43.1626
BLOCK09/SES097/SA097S14	SES099	0.0943527	-43.0682	-43.1626
BLOCK09/SES097/SA097S14	SES104	-0.411949	-43.5745	-43.1626
BLOCK09/SES097/SA097S14	SES206	-0.470993	-43.6336	-43.1626
BLOCK09/SES097/SA097S22	SES099	0.552608	-42.5967	-43.1493
BLOCK09/SES097/SA097S22	SES206	0.0887947	-43.0605	-43.1493
BLOCK09/SES097/SA097S22	SES226	-0.415367	-43.5647	-43.1493
BLOCK09/SES097/SA097S22	SES270	0.257458	-42.8918	-43.1493
BLOCK09/SES097/SA097S26	SES099	0.299992	-42.3368	-42.6368
BLOCK09/SES097/SA097S26	SES120	-1.00777	-43.6446	-42.6368
BLOCK09/SES097/SA097S26	SES206	-0.248714	-42.8855	-42.6368
BLOCK09/SES097/SA097S26	SES226	-0.757702	-43.3945	-42.6368
BLOCK09/SES097/SA097S28	SES099	0.203445	-42.5218	-42.7252
BLOCK09/SES097/SA097S28	SES120	-1.03564	-43.7609	-42.7252
BLOCK09/SES097/SA097S28	SES206	-0.544308	-43.2695	-42.7252
BLOCK09/SES097/SA097S28	SES226	-0.522697	-43.2479	-42.7252
BLOCK09/SES098/SA098S11	SES127	-0.751095	-45.6898	-44.9387
BLOCK09/SES098/SA098S11	SES144	-0.27943	-45.2182	-44.9387
BLOCK09/SES098/SA098S11	SES147	0.176884	-44.7618	-44.9387
BLOCK09/SES098/SA098S11	SES148	-0.651127	-45.5899	-44.9387
BLOCK09/SES098/SA098S12	SES127	-1.6124	-48.2	-46.5876
BLOCK09/SES098/SA098S12	SES144	0.0225029	-46.5651	-46.5876
BLOCK09/SES098/SA098S12	SES147	0.238468	-46.3492	-46.5876
BLOCK09/SES098/SA098S12	SES189	0.707214	-45.8804	-46.5876
BLOCK09/SES098/SA098S20	SES127	-1.73831	-47.1131	-45.3748
BLOCK09/SES098/SA098S20	SES147	0.244759	-45.13	-45.3748
BLOCK09/SES098/SA098S20	SES148	-0.346081	-45.7209	-45.3748
BLOCK09/SES098/SA098S20	SES292	-0.65889	-46.0337	-45.3748
BLOCK09/SES098/SA098S23	SES127	-0.784492	-45.4006	-44.6162
BLOCK09/SES098/SA098S23	SES147	0.299725	-44.3164	-44.6162
BLOCK09/SES098/SA098S23	SES187	1.2501	-43.3661	-44.6162
BLOCK09/SES098/SA098S23	SES292	-0.333294	-44.9494	-44.6162
BLOCK09/SES098/SA098S27	SES127	-0.633942	-45.9629	-45.329
BLOCK09/SES098/SA098S27	SES147	-0.545017	-45.874	-45.329
BLOCK09/SES098/SA098S27	SES148	-0.508442	-45.8374	-45.329
BLOCK09/SES098/SA098S27	SES292	-0.315063	-45.644	-45.329
BLOCK10/SES102/SA102S13	SES101	0.754128	-43.3958	-44.1499
BLOCK10/SES102/SA102S13	SES105	-0.297272	-44.4472	-44.1499
BLOCK10/SES102/SA102S13	SES120	-0.717979	-44.8679	-44.1499
BLOCK10/SES102/SA102S13	SES158	-2.96896	-47.1189	-44.1499
BLOCK10/SES102/SA102S14	SES007	0.847603	-42.1865	-43.0341
BLOCK10/SES102/SA102S14	SES101	0.828503	-42.2056	-43.0341
BLOCK10/SES102/SA102S14	SES105	0.104313	-42.9298	-43.0341
BLOCK10/SES102/SA102S14	SES147	-0.552322	-43.5864	-43.0341
BLOCK10/SES102/SA102S22	SES007	-0.0053978	-42.9051	-42.8997
BLOCK10/SES102/SA102S22	SES101	0.848919	-42.0508	-42.8997
BLOCK10/SES102/SA102S22	SES105	0.17255	-42.7271	-42.8997
BLOCK10/SES102/SA102S22	SES158	-1.31665	-44.2163	-42.8997
BLOCK10/SES102/SA102S25	SES007	0.400936	-42.5542	-42.9552
BLOCK10/SES102/SA102S25	SES101	0.52702	-42.4281	-42.9552
BLOCK10/SES102/SA102S25	SES105	0.0936203	-42.8615	-42.9552
BLOCK10/SES102/SA102S25	SES147	-1.07009	-44.0253	-42.9552
BLOCK10/SES102/SA102S27	SES007	0.134052	-43.502	-43.6361
BLOCK10/SES102/SA102S27	SES101	0.550274	-43.0858	-43.6361
BLOCK10/SES102/SA102S27	SES105	-0.22081	-43.8569	-43.6361
BLOCK10/SES102/SA102S27	SES147	-0.294552	-43.9306	-43.6361
BLOCK10/SES103/SA103S14	SES105	-0.799557	-44.3164	-43.5168
BLOCK10/SES103/SA103S14	SES106	0.20079	-43.316	-43.5168
BLOCK10/SES103/SA103S14	SES120	-1.96522	-45.4821	-43.5168
BLOCK10/SES103/SA103S14	SES206	-1.09136	-44.6082	-43.5168
BLOCK10/SES103/SA103S15	SES099	-0.287487	-44.5686	-44.2811
BLOCK10/SES103/SA103S15	SES101	-1.87769	-46.1588	-44.2811
BLOCK10/SES103/SA103S15	SES104	-0.723419	-45.0046	-44.2811
BLOCK10/SES103/SA103S15	SES125	-0.765182	-45.0463	-44.2811
BLOCK10/SES103/SA103S24	SES104	-0.304783	-42.9977	-42.6929
BLOCK10/SES103/SA103S24	SES125	-0.881889	-43.5748	-42.6929
BLOCK10/SES103/SA103S24	SES148	-1.59758	-44.2905	-42.6929
BLOCK10/SES103/SA103S24	SES158	-0.0377312	-42.7306	-42.6929
BLOCK10/SES103/SA103S26	SES104	-0.686859	-44.1343	-43.4475
BLOCK10/SES103/SA103S26	SES106	0.15588	-43.2916	-43.4475
BLOCK10/SES103/SA103S26	SES125	-1.10953	-44.557	-43.4475
BLOCK10/SES103/SA103S26	SES148	-1.99776	-45.4452	-43.4475
BLOCK10/SES103/SA103S28	SES104	-0.525024	-44.3003	-43.7753
BLOCK10/SES103/SA103S28	SES106	0.186935	-43.5883	-43.7753
BLOCK10/SES103/SA103S28	SES125	-1.0297	-44.805	-43.7753
BLOCK10/SES103/SA103S28	SES206	-1.27173	-45.047	-43.7753
BLOCK12/SES121/SA121S12	SES042	-0.991123	-45.3271	-44.336
BLOCK12/SES121/SA121S12	SES087	0.0793762	-44.2566	-44.336
BLOCK12/SES121/SA121S12	SES105	-0.396431	-44.7324	-44.336
BLOCK12/SES121/SA121S12	SES206	-0.0701866	-44.4061	-44.336
BLOCK12/SES121/SA121S14	SES007	-1.69888	-46.2495	-44.5506
BLOCK12/SES121/SA121S14	SES105	-1.16217	-45.7128	-44.5506
BLOCK12/SES121/SA121S14	SES106	-0.283451	-44.8341	-44.5506
BLOCK12/SES121/SA121S14	SES206	-0.751026	-45.3016	-44.5506
BLOCK12/SES121/SA121S23	SES105	-1.30973	-46.2828	-44.973
BLOCK12/SES121/SA121S23	SES106	0.393181	-44.5799	-44.973
BLOCK12/SES121/SA121S23	SES120	-2.1573	-47.1303	-44.973
BLOCK12/SES121/SA121S23	SES206	-0.456638	-45.4297	-44.973
BLOCK12/SES121/SA121S25	SES007	-1.52282	-46.8313	-45.3085
BLOCK12/SES121/SA121S25	SES105	-1.25098	-46.5595	-45.3085
BLOCK12/SES121/SA121S25	SES106	-0.0611305	-45.3696	-45.3085
BLOCK12/SES121/SA121S25	SES206	-0.856792	-46.1653	-45.3085
BLOCK12/SES121/SA121S27	SES087	0.203087	-43.7816	-43.9847
BLOCK12/SES121/SA121S27	SES105	-2.18432	-46.169	-43.9847
BLOCK12/SES121/SA121S27	SES120	-1.92878	-45.9134	-43.9847
BLOCK12/SES121/SA121S27	SES206	-0.506741	-44.4914	-43.9847
BLOCK12/SES124/SA124S16	SES042	0.202583	-42.1144	-42.3169
BLOCK12/SES124/SA124S16	SES082	-0.0131531	-42.3301	-42.3169
BLOCK12/SES124/SA124S16	SES183	-2.47788	-44.7948	-42.3169
BLOCK12/SES124/SA124S16	SES206	-0.367455	-42.6844	-42.3169
BLOCK12/SES124/SA124S17	SES105	-0.731331	-43.9776	-43.2463
BLOCK12/SES124/SA124S17	SES149	-1.2431	-44.4894	-43.2463
BLOCK12/SES124/SA124S17	SES158	-0.915035	-44.1613	-43.2463
BLOCK12/SES124/SA124S17	SES275	-0.857983	-44.1042	-43.2463
BLOCK12/SES124/SA124S23	SES105	-1.19336	-42.9961	-41.8027
BLOCK12/SES124/SA124S23	SES125	0.478401	-41.3243	-41.8027
BLOCK12/SES124/SA124S23	SES129	-1.78058	-43.5833	-41.8027
BLOCK12/SES124/SA124S23	SES158	-0.273312	-42.076	-41.8027
BLOCK12/SES124/SA124S26	SES105	-1.32411	-43.6732	-42.3491
BLOCK12/SES124/SA124S26	SES125	0.337784	-42.0113	-42.3491
BLOCK12/SES124/SA124S26	SES129	-2.00315	-44.3523	-42.3491
BLOCK12/SES124/SA124S26	SES158	-0.0939026	-42.443	-42.3491
BLOCK12/SES124/SA124S28	SES104	0.402885	-42.2651	-42.668
BLOCK12/SES124/SA124S28	SES106	-0.117409	-42.7854	-42.668
BLOCK12/SES124/SA124S28	SES125	0.27282	-42.3951	-42.668
BLOCK12/SES124/SA124S28	SES275	-1.40828	-44.0762	-42.668
BLOCK12/SES126/SA126S13	SES007	-0.0146332	-44.7629	-44.7483
BLOCK12/SES126/SA126S13	SES162	0.641724	-44.1066	-44.7483
BLOCK12/SES126/SA126S13	SES177	0.52	-44.2283	-44.7483
BLOCK12/SES126/SA126S13	SES180	0.579277	-44.169	-44.7483
BLOCK12/SES126/SA126S14	SES144	-0.164913	-43.6501	-43.4852
BLOCK12/SES126/SA126S14	SES148	0.0130386	-43.4722	-43.4852
BLOCK12/SES126/SA126S14	SES177	1.43169	-42.0535	-43.4852
BLOCK12/SES126/SA126S14	SES180	1.23351	-42.2517	-43.4852
BLOCK12/SES126/SA126S20	SES007	-0.534115	-44.1593	-43.6252
BLOCK12/SES126/SA126S20	SES162	-0.421669	-44.0469	-43.6252
BLOCK12/SES126/SA126S20	SES172	-1.11694	-44.7421	-43.6252
BLOCK12/SES126/SA126S20	SES180	-0.804012	-44.4292	-43.6252
BLOCK12/SES126/SA126S24	SES120	-0.295067	-43.8054	-43.5104
BLOCK12/SES126/SA126S24	SES162	0.744904	-42.7655	-43.5104
BLOCK12/SES126/SA126S24	SES177	0.558346	-42.952	-43.5104
BLOCK12/SES126/SA126S24	SES180	0.996864	-42.5135	-43.5104
BLOCK12/SES126/SA126S26	SES120	-0.00645447	-43.8162	-43.8098
BLOCK12/SES126/SA126S26	SES177	0.487633	-43.3221	-43.8098
BLOCK12/SES126/SA126S26	SES180	0.628723	-43.181	-43.8098
BLOCK12/SES126/SA126S26	SES202	-0.114544	-43.9243	-43.8098
BLOCK12/SES128/SA128S10	SES087	-0.836647	-43.7684	-42.9318
BLOCK12/SES128/SA128S10	SES206	-0.452858	-43.3846	-42.9318
BLOCK12/SES128/SA128S10	SES226	-0.194233	-43.126	-42.9318
BLOCK12/SES128/SA128S10	SES270	0.00105667	-42.9307	-42.9318
BLOCK12/SES128/SA128S12	SES120	-1.45106	-44.01	-42.5589
BLOCK12/SES128/SA128S12	SES158	-0.476082	-43.035	-42.5589
BLOCK12/SES128/SA128S12	SES206	-0.063427	-42.6224	-42.5589
BLOCK12/SES128/SA128S12	SES226	-0.295269	-42.8542	-42.5589
BLOCK12/SES128/SA128S21	SES106	-0.521275	-43.863	-43.3418
BLOCK12/SES128/SA128S21	SES120	-1.20794	-44.5497	-43.3418
BLOCK12/SES128/SA128S21	SES206	-0.399071	-43.7408	-43.3418
BLOCK12/SES128/SA128S21	SES226	0.0475426	-43.2942	-43.3418
BLOCK12/SES128/SA128S24	SES087	-0.710964	-43.8296	-43.1186
BLOCK12/SES128/SA128S24	SES120	-1.03618	-44.1548	-43.1186
BLOCK12/SES128/SA128S24	SES206	-0.266083	-43.3847	-43.1186
BLOCK12/SES128/SA128S24	SES226	-0.334442	-43.4531	-43.1186
BLOCK12/SES128/SA128S27	SES099	0.301159	-42.0591	-42.3602
BLOCK12/SES128/SA128S27	SES120	-0.875858	-43.2361	-42.3602
BLOCK12/SES128/SA128S27	SES206	-0.235584	-42.5958	-42.3602
BLOCK12/SES128/SA128S27	SES226	-0.0967941	-42.457	-42.3602
BLOCK13/SES130/SA130S13	SES143	-1.1425	-46.523	-45.3805
BLOCK13/SES130/SA130S13	SES144	0.71241	-44.6681	-45.3805
BLOCK13/SES130/SA130S13	SES146	0.304611	-45.0759	-45.3805
BLOCK13/SES130/SA130S13	SES275	-1.65566	-47.0361	-45.3805
BLOCK13/SES130/SA130S15	SES143	-0.620922	-44.4755	-43.8546
BLOCK13/SES130/SA130S15	SES144	0.3382	-43.5164	-43.8546
BLOCK13/SES130/SA130S15	SES146	0.725063	-43.1295	-43.8546
BLOCK13/SES130/SA130S15	SES275	-0.19804	-44.0526	-43.8546
BLOCK13/SES130/SA130S23	SES127	-1.1018	-46.2001	-45.0983
BLOCK13/SES130/SA130S23	SES144	0.283001	-44.8153	-45.0983
BLOCK13/SES130/SA130S23	SES146	0.860352	-44.2379	-45.0983
BLOCK13/SES130/SA130S23	SES162	0.216209	-44.882	-45.0983
BLOCK13/SES130/SA130S25	SES127	-0.346821	-44.239	-43.8922
BLOCK13/SES130/SA130S25	SES144	0.621349	-43.2708	-43.8922
BLOCK13/SES130/SA130S25	SES146	1.08001	-42.8122	-43.8922
BLOCK13/SES130/SA130S25	SES275	0.303127	-43.589	-43.8922
BLOCK13/SES130/SA130S28	SES127	0.321671	-44.0253	-44.347
BLOCK13/SES130/SA130S28	SES144	0.482166	-43.8648	-44.347
BLOCK13/SES130/SA130S28	SES146	0.690495	-43.6565	-44.347
BLOCK13/SES130/SA130S28	SES275	0.719372	-43.6276	-44.347
BLOCK13/SES131/SA131S13	SES002	-0.926102	-45.1898	-44.2637
BLOCK13/SES131/SA131S13	SES007	-1.24271	-45.5065	-44.2637
BLOCK13/SES131/SA131S13	SES099	-1.05109	-45.3148	-44.2637
BLOCK13/SES131/SA131S13	SES105	-0.884018	-45.1478	-44.2637
BLOCK13/SES131/SA131S14	SES104	0.152729	-42.8973	-43.05
BLOCK13/SES131/SA131S14	SES106	-0.0210457	-43.0711	-43.05
BLOCK13/SES131/SA131S14	SES125	-1.24989	-44.2999	-43.05
BLOCK13/SES131/SA131S14	SES148	-1.13619	-44.1862	-43.05
BLOCK13/SES131/SA131S20	SES104	-0.698559	-44.5565	-43.8579
BLOCK13/SES131/SA131S20	SES106	-0.354492	-44.2124	-43.8579
BLOCK13/SES131/SA131S20	SES125	-1.2193	-45.0772	-43.8579
BLOCK13/SES131/SA131S20	SES148	-1.5166	-45.3745	-43.8579
BLOCK13/SES131/SA131S22	SES099	-0.354012	-43.8116	-43.4576
BLOCK13/SES131/SA131S22	SES104	-0.455822	-43.9134	-43.4576
BLOCK13/SES131/SA131S22	SES125	-0.411732	-43.8693	-43.4576
BLOCK13/SES131/SA131S22	SES206	-0.841461	-44.299	-43.4576
BLOCK13/SES131/SA131S29	SES087	-0.463608	-44.347	-43.8834
BLOCK13/SES131/SA131S29	SES104	-1.22811	-45.1115	-43.8834
BLOCK13/SES131/SA131S29	SES125	-0.834713	-44.7181	-43.8834
BLOCK13/SES131/SA131S29	SES206	-1.01606	-44.8995	-43.8834
BLOCK13/SES132/SA132S11	SES083	-0.0019989	-43.0912	-43.0892
BLOCK13/SES132/SA132S11	SES120	1.24387	-41.8453	-43.0892
BLOCK13/SES132/SA132S11	SES127	0.411423	-42.6778	-43.0892
BLOCK13/SES132/SA132S11	SES275	-0.0399857	-43.1292	-43.0892
BLOCK13/SES132/SA132S12	SES083	-0.0504532	-42.7995	-42.7491
BLOCK13/SES132/SA132S12	SES143	0.259899	-42.4892	-42.7491
BLOCK13/SES132/SA132S12	SES144	-0.116596	-42.8657	-42.7491
BLOCK13/SES132/SA132S12	SES148	-0.217278	-42.9663	-42.7491
BLOCK13/SES132/SA132S22	SES062	0.306007	-42.4592	-42.7652
BLOCK13/SES132/SA132S22	SES083	0.367088	-42.3981	-42.7652
BLOCK13/SES132/SA132S22	SES127	0.299667	-42.4655	-42.7652
BLOCK13/SES132/SA132S22	SES275	0.132008	-42.6332	-42.7652
BLOCK13/SES132/SA132S24	SES007	0.311977	-42.3527	-42.6647
BLOCK13/SES132/SA132S24	SES083	0.110519	-42.5541	-42.6647
BLOCK13/SES132/SA132S24	SES127	-0.258709	-42.9234	-42.6647
BLOCK13/SES132/SA132S24	SES275	-0.167988	-42.8327	-42.6647
BLOCK13/SES132/SA132S27	SES083	-0.381042	-43.5074	-43.1264
BLOCK13/SES132/SA132S27	SES120	0.745251	-42.3811	-43.1264
BLOCK13/SES132/SA132S27	SES127	-0.597271	-43.7237	-43.1264
BLOCK13/SES132/SA132S27	SES275	-0.306606	-43.433	-43.1264
BLOCK14/SES141/SA141S09	SES143	0.57996	-43.1735	-43.7535
BLOCK14/SES141/SA141S09	SES144	0.419762	-43.3337	-43.7535
BLOCK14/SES141/SA141S09	SES162	0.918907	-42.8346	-43.7535
BLOCK14/SES141/SA141S09	SES180	0.570148	-43.1833	-43.7535
BLOCK14/SES141/SA141S15	SES127	0.581478	-42.8868	-43.4683
BLOCK14/SES141/SA141S15	SES144	0.266808	-43.2015	-43.4683
BLOCK14/SES141/SA141S15	SES162	0.70282	-42.7655	-43.4683
BLOCK14/SES141/SA141S15	SES180	0.39444	-43.0739	-43.4683
BLOCK14/SES141/SA141S24	SES127	0.998257	-42.3486	-43.3468
BLOCK14/SES141/SA141S24	SES144	0.272964	-43.0739	-43.3468
BLOCK14/SES141/SA141S24	SES162	1.00285	-42.344	-43.3468
BLOCK14/SES141/SA141S24	SES183	0.360752	-42.9861	-43.3468
BLOCK14/SES141/SA141S26	SES142	0.826649	-43.3042	-44.1309
BLOCK14/SES141/SA141S26	SES144	0.281773	-43.8491	-44.1309
BLOCK14/SES141/SA141S26	SES172	0.0901375	-44.0407	-44.1309
BLOCK14/SES141/SA141S26	SES180	0.453964	-43.6769	-44.1309
BLOCK14/SES141/SA141S29	SES127	1.39759	-42.1878	-43.5854
BLOCK14/SES141/SA141S29	SES142	1.6437	-41.9417	-43.5854
BLOCK14/SES141/SA141S29	SES144	0.380157	-43.2052	-43.5854
BLOCK14/SES141/SA141S29	SES180	1.50668	-42.0787	-43.5854
BLOCK15/SES157/SA157S08	SES083	-0.246964	-43.2198	-42.9728
BLOCK15/SES157/SA157S08	SES127	-0.631332	-43.6042	-42.9728
BLOCK15/SES157/SA157S08	SES148	0.226788	-42.7461	-42.9728
BLOCK15/SES157/SA157S08	SES292	-0.183628	-43.1565	-42.9728
BLOCK15/SES157/SA157S11	SES083	-0.545105	-44.034	-43.4889
BLOCK15/SES157/SA157S11	SES127	-0.954689	-44.4436	-43.4889
BLOCK15/SES157/SA157S11	SES148	-0.28817	-43.777	-43.4889
BLOCK15/SES157/SA157S11	SES292	-0.56443	-44.0533	-43.4889
BLOCK15/SES157/SA157S21	SES127	-0.857334	-43.665	-42.8076
BLOCK15/SES157/SA157S21	SES148	-0.0257263	-42.8333	-42.8076
BLOCK15/SES157/SA157S21	SES158	-2.43988	-45.2475	-42.8076
BLOCK15/SES157/SA157S21	SES292	0.0313988	-42.7762	-42.8076
BLOCK15/SES157/SA157S24	SES127	-0.783119	-43.6358	-42.8527
BLOCK15/SES157/SA157S24	SES148	-0.110023	-42.9627	-42.8527
BLOCK15/SES157/SA157S24	SES183	-0.676517	-43.5292	-42.8527
BLOCK15/SES157/SA157S24	SES292	-0.210217	-43.0629	-42.8527
BLOCK15/SES157/SA157S26	SES007	0.496376	-42.5094	-43.0058
BLOCK15/SES157/SA157S26	SES127	0.0919342	-42.9139	-43.0058
BLOCK15/SES157/SA157S26	SES147	-0.403767	-43.4096	-43.0058
BLOCK15/SES157/SA157S26	SES148	0.021965	-42.9838	-43.0058
BLOCK16/SES161/SA161S10	SES007	-0.867603	-44.8634	-43.9958
BLOCK16/SES161/SA161S10	SES105	-0.608677	-44.6045	-43.9958
BLOCK16/SES161/SA161S10	SES158	-0.532772	-44.5286	-43.9958
BLOCK16/SES161/SA161S10	SES275	-0.755367	-44.7512	-43.9958
BLOCK16/SES161/SA161S12	SES007	-1.18353	-44.4178	-43.2343
BLOCK16/SES161/SA161S12	SES105	-1.27606	-44.5103	-43.2343
BLOCK16/SES161/SA161S12	SES158	-0.309143	-43.5434	-43.2343
BLOCK16/SES161/SA161S12	SES275	-1.0248	-44.2591	-43.2343
BLOCK16/SES161/SA161S20	SES007	-1.3059	-45.6738	-44.3679
BLOCK16/SES161/SA161S20	SES105	-1.28323	-45.6511	-44.3679
BLOCK16/SES161/SA161S20	SES158	-0.704796	-45.0727	-44.3679
BLOCK16/SES161/SA161S20	SES275	-1.17816	-45.5461	-44.3679
BLOCK16/SES161/SA161S23	SES007	-1.34883	-44.7529	-43.4041
BLOCK16/SES161/SA161S23	SES105	-0.474712	-43.8788	-43.4041
BLOCK16/SES161/SA161S23	SES148	-0.914936	-44.319	-43.4041
BLOCK16/SES161/SA161S23	SES158	-0.548603	-43.9527	-43.4041
BLOCK16/SES161/SA161S28	SES007	-1.876	-45.3487	-43.4727
BLOCK16/SES161/SA161S28	SES105	-1.71315	-45.1858	-43.4727
BLOCK16/SES161/SA161S28	SES158	-0.27541	-43.7481	-43.4727
BLOCK16/SES161/SA161S28	SES206	-0.562267	-44.0349	-43.4727
BLOCK16/SES164/SA164S11	SES104	-0.506611	-42.7821	-42.2755
BLOCK16/SES164/SA164S11	SES125	-0.933849	-43.2093	-42.2755
BLOCK16/SES164/SA164S11	SES158	0.760311	-41.5152	-42.2755
BLOCK16/SES164/SA164S11	SES206	-0.892082	-43.1676	-42.2755
BLOCK16/SES164/SA164S13	SES099	-0.556091	-44.3205	-43.7644
BLOCK16/SES164/SA164S13	SES104	-1.16759	-44.932	-43.7644
BLOCK16/SES164/SA164S13	SES125	-1.20575	-44.9702	-43.7644
BLOCK16/SES164/SA164S13	SES206	-0.696148	-44.4606	-43.7644
BLOCK16/SES164/SA164S24	SES002	0.289963	-42.7558	-43.0458
BLOCK16/SES164/SA164S24	SES099	-0.0649529	-43.1107	-43.0458
BLOCK16/SES164/SA164S24	SES125	-1.07393	-44.1197	-43.0458
BLOCK16/SES164/SA164S24	SES226	0.33577	-42.71	-43.0458
BLOCK16/SES164/SA164S27	SES087	-0.475754	-43.8067	-43.331
BLOCK16/SES164/SA164S27	SES125	-0.841721	-44.1727	-43.331
BLOCK16/SES164/SA164S27	SES206	-1.06179	-44.3927	-43.331
BLOCK16/SES164/SA164S27	SES226	-0.43029	-43.7612	-43.331
BLOCK16/SES164/SA164S29	SES002	-0.0742874	-43.1708	-43.0965
BLOCK16/SES164/SA164S29	SES019	-0.487198	-43.5837	-43.0965
BLOCK16/SES164/SA164S29	SES125	-0.500797	-43.5973	-43.0965
BLOCK16/SES164/SA164S29	SES226	-0.299324	-43.3959	-43.0965
BLOCK16/SES169/SA169S13	SES117	-0.419964	-44.1397	-43.7198
BLOCK16/SES169/SA169S13	SES144	-0.117325	-43.8371	-43.7198
BLOCK16/SES169/SA169S13	SES146	0.00437927	-43.7154	-43.7198
BLOCK16/SES169/SA169S13	SES162	-0.617817	-44.3376	-43.7198
BLOCK16/SES169/SA169S14	SES144	-0.532669	-43.1416	-42.6089
BLOCK16/SES169/SA169S14	SES148	-0.188931	-42.7978	-42.6089
BLOCK16/SES169/SA169S14	SES177	-0.459255	-43.0682	-42.6089
BLOCK16/SES169/SA169S14	SES180	-0.956493	-43.5654	-42.6089
BLOCK16/SES169/SA169S24	SES117	0.200596	-44.117	-44.3176
BLOCK16/SES169/SA169S24	SES144	0.389385	-43.9282	-44.3176
BLOCK16/SES169/SA169S24	SES146	0.240391	-44.0772	-44.3176
BLOCK16/SES169/SA169S24	SES162	0.0740242	-44.2435	-44.3176
BLOCK16/SES169/SA169S27	SES127	0.051384	-43.3856	-43.437
BLOCK16/SES169/SA169S27	SES129	0.181992	-43.255	-43.437
BLOCK16/SES169/SA169S27	SES144	-0.0390129	-43.476	-43.437
BLOCK16/SES169/SA169S27	SES146	0.855614	-42.5814	-43.437
BLOCK16/SES169/SA169S29	SES144	0.236374	-42.3834	-42.6198
BLOCK16/SES169/SA169S29	SES162	-0.229156	-42.8489	-42.6198
BLOCK16/SES169/SA169S29	SES177	-0.808258	-43.428	-42.6198
BLOCK16/SES169/SA169S29	SES180	-0.0632133	-42.683	-42.6198
BLOCK17/SES171/SA171S12	SES083	-0.06007	-43.8852	-43.8251
BLOCK17/SES171/SA171S12	SES148	-0.276993	-44.1021	-43.8251
BLOCK17/SES171/SA171S12	SES172	-0.0412712	-43.8664	-43.8251
BLOCK17/SES171/SA171S12	SES292	-0.36293	-44.1881	-43.8251
BLOCK17/SES171/SA171S15	SES148	0.0669479	-44.8878	-44.9547
BLOCK17/SES171/SA171S15	SES177	-0.555622	-45.5104	-44.9547
BLOCK17/SES171/SA171S15	SES180	-1.425	-46.3797	-44.9547
BLOCK17/SES171/SA171S15	SES292	-1.09335	-46.0481	-44.9547
BLOCK17/SES171/SA171S22	SES007	-0.440884	-43.5067	-43.0658
BLOCK17/SES171/SA171S22	SES148	-0.327953	-43.3937	-43.0658
BLOCK17/SES171/SA171S22	SES177	0.695324	-42.3705	-43.0658
BLOCK17/SES171/SA171S22	SES180	-0.493439	-43.5592	-43.0658
BLOCK17/SES171/SA171S25	SES101	-0.611301	-45.6682	-45.0569
BLOCK17/SES171/SA171S25	SES120	-1.09041	-46.1473	-45.0569
BLOCK17/SES171/SA171S25	SES177	0.213856	-44.843	-45.0569
BLOCK17/SES171/SA171S25	SES180	-0.669472	-45.7264	-45.0569
BLOCK17/SES171/SA171S27	SES177	0.693134	-43.6443	-44.3374
BLOCK17/SES171/SA171S27	SES180	-0.640667	-44.9781	-44.3374
BLOCK17/SES171/SA171S27	SES189	0.545532	-43.7919	-44.3374
BLOCK17/SES171/SA171S27	SES292	-0.575249	-44.9126	-44.3374
BLOCK17/SES173/SA173S13	SES162	-0.133774	-44.6786	-44.5448
BLOCK17/SES173/SA173S13	SES177	-0.0855904	-44.6304	-44.5448
BLOCK17/SES173/SA173S13	SES180	0.0950661	-44.4498	-44.5448
BLOCK17/SES173/SA173S13	SES292	0.0411491	-44.5037	-44.5448
BLOCK17/SES173/SA173S14	SES007	-1.25439	-45.6361	-44.3817
BLOCK17/SES173/SA173S14	SES162	-0.300262	-44.6819	-44.3817
BLOCK17/SES173/SA173S14	SES177	-0.149784	-44.5315	-44.3817
BLOCK17/SES173/SA173S14	SES180	-0.620289	-45.002	-44.3817
BLOCK17/SES173/SA173S24	SES144	0.12574	-44.9779	-45.1036
BLOCK17/SES173/SA173S24	SES162	0.0078392	-45.0958	-45.1036
BLOCK17/SES173/SA173S24	SES177	0.104149	-44.9995	-45.1036
BLOCK17/SES173/SA173S24	SES180	-0.120373	-45.224	-45.1036
BLOCK17/SES173/SA173S27	SES162	-0.527397	-44.8808	-44.3534
BLOCK17/SES173/SA173S27	SES177	0.425678	-43.9277	-44.3534
BLOCK17/SES173/SA173S27	SES180	0.336487	-44.0169	-44.3534
BLOCK17/SES173/SA173S27	SES292	0.177982	-44.1754	-44.3534
BLOCK17/SES173/SA173S29	SES162	-0.339821	-44.9015	-44.5617
BLOCK17/SES173/SA173S29	SES175	0.0915909	-44.4701	-44.5617
BLOCK17/SES173/SA173S29	SES177	-0.769009	-45.3307	-44.5617
BLOCK17/SES173/SA173S29	SES292	-0.985241	-45.5469	-44.5617
BLOCK18/SES182/SA182S10	SES144	0.0923195	-43.2396	-43.3319
BLOCK18/SES182/SA182S10	SES177	0.0186081	-43.3133	-43.3319
BLOCK18/SES182/SA182S10	SES180	-0.0376968	-43.3696	-43.3319
BLOCK18/SES182/SA182S10	SES275	-0.140022	-43.4719	-43.3319
BLOCK18/SES182/SA182S12	SES144	0.570957	-42.4482	-43.0192
BLOCK18/SES182/SA182S12	SES177	0.276772	-42.7424	-43.0192
BLOCK18/SES182/SA182S12	SES180	0.00838852	-43.0108	-43.0192
BLOCK18/SES182/SA182S12	SES275	-0.243607	-43.2628	-43.0192
BLOCK18/SES182/SA182S21	SES117	0.458286	-44.198	-44.6562
BLOCK18/SES182/SA182S21	SES144	0.0483437	-44.6079	-44.6562
BLOCK18/SES182/SA182S21	SES162	0.755383	-43.9009	-44.6562
BLOCK18/SES182/SA182S21	SES180	0.854416	-43.8018	-44.6562
BLOCK18/SES182/SA182S23	SES117	0.501415	-43.2593	-43.7607
BLOCK18/SES182/SA182S23	SES144	0.0094223	-43.7513	-43.7607
BLOCK18/SES182/SA182S23	SES180	0.218227	-43.5425	-43.7607
BLOCK18/SES182/SA182S23	SES275	0.227222	-43.5335	-43.7607
BLOCK18/SES182/SA182S25	SES007	0.246937	-43.699	-43.9459
BLOCK18/SES182/SA182S25	SES162	0.843075	-43.1028	-43.9459
BLOCK18/SES182/SA182S25	SES177	0.636566	-43.3093	-43.9459
BLOCK18/SES182/SA182S25	SES180	0.545704	-43.4002	-43.9459
BLOCK18/SES184/SA184S12	SES177	0.161324	-44.0054	-44.1667
BLOCK18/SES184/SA184S12	SES180	-0.317856	-44.4846	-44.1667
BLOCK18/SES184/SA184S12	SES189	-1.21858	-45.3853	-44.1667
BLOCK18/SES184/SA184S12	SES292	0.0147934	-44.1519	-44.1667
BLOCK18/SES184/SA184S13	SES101	-0.357601	-44.2005	-43.8429
BLOCK18/SES184/SA184S13	SES177	0.117058	-43.7258	-43.8429
BLOCK18/SES184/SA184S13	SES180	0.0853043	-43.7576	-43.8429
BLOCK18/SES184/SA184S13	SES292	0.189457	-43.6535	-43.8429
BLOCK18/SES184/SA184S22	SES177	0.554001	-43.149	-43.703
BLOCK18/SES184/SA184S22	SES180	0.313854	-43.3892	-43.703
BLOCK18/SES184/SA184S22	SES189	-0.706795	-44.4098	-43.703
BLOCK18/SES184/SA184S22	SES292	0.519558	-43.1835	-43.703
BLOCK18/SES184/SA184S25	SES101	-0.0169601	-42.6061	-42.5891
BLOCK18/SES184/SA184S25	SES177	-0.00288391	-42.592	-42.5891
BLOCK18/SES184/SA184S25	SES180	-0.132679	-42.7218	-42.5891
BLOCK18/SES184/SA184S25	SES292	0.0478668	-42.5413	-42.5891
BLOCK18/SES184/SA184S27	SES083	-0.0599518	-43.33	-43.27
BLOCK18/SES184/SA184S27	SES177	0.119331	-43.1507	-43.27
BLOCK18/SES184/SA184S27	SES202	0.0278587	-43.2422	-43.27
BLOCK18/SES184/SA184S27	SES292	-0.0608406	-43.3309	-43.27
BLOCK20/SES204/SA204S12	SES062	-0.573143	-42.7585	-42.1853
BLOCK20/SES204/SA204S12	SES083	-1.44591	-43.6312	-42.1853
BLOCK20/SES204/SA204S12	SES206	-0.143932	-42.3293	-42.1853
BLOCK20/SES204/SA204S12	SES226	-0.595982	-42.7813	-42.1853
BLOCK20/SES204/SA204S14	SES068	-1.47414	-42.8791	-41.4049
BLOCK20/SES204/SA204S14	SES087	0.273308	-41.1316	-41.4049
BLOCK20/SES204/SA204S14	SES206	-0.652054	-42.057	-41.4049
BLOCK20/SES204/SA204S14	SES226	-1.0531	-42.458	-41.4049
BLOCK20/SES204/SA204S22	SES068	-1.85714	-44.3476	-42.4904
BLOCK20/SES204/SA204S22	SES082	-1.50317	-43.9936	-42.4904
BLOCK20/SES204/SA204S22	SES083	-1.80272	-44.2931	-42.4904
BLOCK20/SES204/SA204S22	SES206	-0.463085	-42.9535	-42.4904
BLOCK20/SES204/SA204S25	SES062	-1.45498	-43.9908	-42.5359
BLOCK20/SES204/SA204S25	SES083	-1.71182	-44.2477	-42.5359
BLOCK20/SES204/SA204S25	SES206	-0.0182228	-42.5541	-42.5359
BLOCK20/SES204/SA204S25	SES226	-0.667255	-43.2031	-42.5359
BLOCK20/SES204/SA204S27	SES068	-2.13615	-44.9209	-42.7848
BLOCK20/SES204/SA204S27	SES082	-1.00109	-43.7858	-42.7848
BLOCK20/SES204/SA204S27	SES087	0.270294	-42.5145	-42.7848
BLOCK20/SES204/SA204S27	SES206	-0.269764	-43.0545	-42.7848
BLOCK20/SES207/SA207S10	SES127	-0.261333	-43.7514	-43.4901
BLOCK20/SES207/SA207S10	SES183	-0.341576	-43.8316	-43.4901
BLOCK20/SES207/SA207S10	SES189	-0.158443	-43.6485	-43.4901
BLOCK20/SES207/SA207S10	SES292	-0.886356	-44.3764	-43.4901
BLOCK20/SES207/SA207S11	SES127	-0.889614	-44.9344	-44.0448
BLOCK20/SES207/SA207S11	SES183	-0.0669556	-44.1117	-44.0448
BLOCK20/SES207/SA207S11	SES187	0.0324707	-44.0123	-44.0448
BLOCK20/SES207/SA207S11	SES292	-0.278629	-44.3234	-44.0448
BLOCK20/SES207/SA207S25	SES068	0.190315	-43.8262	-44.0165
BLOCK20/SES207/SA207S25	SES083	0.0200424	-43.9964	-44.0165
BLOCK20/SES207/SA207S25	SES127	0.420391	-43.5961	-44.0165
BLOCK20/SES207/SA207S25	SES187	0.833546	-43.1829	-44.0165
BLOCK20/SES207/SA207S27	SES127	-0.232685	-44.3344	-44.1017
BLOCK20/SES207/SA207S27	SES183	-0.0471306	-44.1489	-44.1017
BLOCK20/SES207/SA207S27	SES187	0.0683937	-44.0334	-44.1017
BLOCK20/SES207/SA207S27	SES292	-0.573563	-44.6753	-44.1017
BLOCK20/SES207/SA207S29	SES083	-0.407078	-44.264	-43.8569
BLOCK20/SES207/SA207S29	SES085	0.138405	-43.7185	-43.8569
BLOCK20/SES207/SA207S29	SES172	0.151695	-43.7052	-43.8569
BLOCK20/SES207/SA207S29	SES189	-0.311626	-44.1685	-43.8569
BLOCK22/SES221/SA221S12	SES068	0.269253	-43.5246	-43.7938
BLOCK22/SES221/SA221S12	SES143	0.360519	-43.4333	-43.7938
BLOCK22/SES221/SA221S12	SES175	0.645428	-43.1484	-43.7938
BLOCK22/SES221/SA221S12	SES202	0.995876	-42.798	-43.7938
BLOCK22/SES221/SA221S15	SES085	-0.106949	-45.1537	-45.0467
BLOCK22/SES221/SA221S15	SES143	-0.187313	-45.234	-45.0467
BLOCK22/SES221/SA221S15	SES175	0.172245	-44.8745	-45.0467
BLOCK22/SES221/SA221S15	SES187	0.592781	-44.4539	-45.0467
BLOCK22/SES221/SA221S23	SES068	-0.386761	-45.1646	-44.7778
BLOCK22/SES221/SA221S23	SES143	-0.13409	-44.9119	-44.7778
BLOCK22/SES221/SA221S23	SES175	0.88084	-43.897	-44.7778
BLOCK22/SES221/SA221S23	SES189	1.26988	-43.5079	-44.7778
BLOCK22/SES221/SA221S27	SES085	-0.20512	-45.1188	-44.9136
BLOCK22/SES221/SA221S27	SES143	-0.053009	-44.9666	-44.9136
BLOCK22/SES221/SA221S27	SES175	-0.247974	-45.1616	-44.9136
BLOCK22/SES221/SA221S27	SES189	1.58334	-43.3303	-44.9136
BLOCK22/SES221/SA221S29	SES085	-0.805183	-47.2373	-46.4322
BLOCK22/SES221/SA221S29	SES143	0.264153	-46.168	-46.4322
BLOCK22/SES221/SA221S29	SES175	1.01364	-45.4185	-46.4322
BLOCK22/SES221/SA221S29	SES187	1.99146	-44.4407	-46.4322
BLOCK22/SES223/SA223S11	SES143	0.464916	-44.4954	-44.9603
BLOCK22/SES223/SA223S11	SES144	-0.663658	-45.6239	-44.9603
BLOCK22/SES223/SA223S11	SES175	0.874496	-44.0858	-44.9603
BLOCK22/SES223/SA223S11	SES187	0.732731	-44.2275	-44.9603
BLOCK22/SES223/SA223S13	SES068	0.0931091	-45.664	-45.7571
BLOCK22/SES223/SA223S13	SES143	-0.00429916	-45.7614	-45.7571
BLOCK22/SES223/SA223S13	SES146	-2.03574	-47.7929	-45.7571
BLOCK22/SES223/SA223S13	SES202	0.368225	-45.3889	-45.7571
BLOCK22/SES223/SA223S22	SES143	0.221714	-45.0535	-45.2752
BLOCK22/SES223/SA223S22	SES144	-0.340641	-45.6158	-45.2752
BLOCK22/SES223/SA223S22	SES175	0.251339	-45.0238	-45.2752
BLOCK22/SES223/SA223S22	SES187	0.650715	-44.6245	-45.2752
BLOCK22/SES223/SA223S25	SES068	0.26646	-44.5912	-44.8577
BLOCK22/SES223/SA223S25	SES143	0.358784	-44.4989	-44.8577
BLOCK22/SES223/SA223S25	SES175	0.608974	-44.2487	-44.8577
BLOCK22/SES223/SA223S25	SES187	0.929943	-43.9278	-44.8577
BLOCK22/SES223/SA223S27	SES143	-0.0160027	-45.0269	-45.0109
BLOCK22/SES223/SA223S27	SES146	-2.24274	-47.2536	-45.0109
BLOCK22/SES223/SA223S27	SES187	0.127716	-44.8832	-45.0109
BLOCK22/SES223/SA223S27	SES292	-1.11719	-46.1281	-45.0109
BLOCK27/SES273/SA273S12	SES099	0.436974	-41.5247	-41.9616
BLOCK27/SES273/SA273S12	SES104	0.406811	-41.5548	-41.9616
BLOCK27/SES273/SA273S12	SES125	-0.0130844	-41.9747	-41.9616
BLOCK27/SES273/SA273S12	SES206	0.398968	-41.5627	-41.9616
BLOCK27/SES273/SA273S13	SES099	0.452919	-41.3783	-41.8312
BLOCK27/SES273/SA273S13	SES104	0.00830841	-41.8229	-41.8312
BLOCK27/SES273/SA273S13	SES206	-0.0434189	-41.8746	-41.8312
BLOCK27/SES273/SA273S13	SES292	-1.10739	-42.9386	-41.8312
BLOCK27/SES273/SA273S21	SES099	0.437634	-41.7453	-42.183
BLOCK27/SES273/SA273S21	SES148	-1.70859	-43.8915	-42.183
BLOCK27/SES273/SA273S21	SES149	-0.0508461	-42.2338	-42.183
BLOCK27/SES273/SA273S21	SES177	-2.99094	-45.1739	-42.183
BLOCK27/SES273/SA273S25	SES104	0.250584	-42.0913	-42.3419
BLOCK27/SES273/SA273S25	SES125	-0.125515	-42.4674	-42.3419
BLOCK27/SES273/SA273S25	SES158	0.424805	-41.917	-42.3419
BLOCK27/SES273/SA273S25	SES206	0.202976	-42.1389	-42.3419
BLOCK27/SES273/SA273S27	SES099	0.0494614	-41.6015	-41.651
BLOCK27/SES273/SA273S27	SES104	-0.321743	-41.9727	-41.651
BLOCK27/SES273/SA273S27	SES149	-0.242981	-41.894	-41.651
BLOCK27/SES273/SA273S27	SES275	-0.419426	-42.0704	-41.651
BLOCK27/SES274/SA274S10	SES105	-1.05489	-42.8277	-41.7728
BLOCK27/SES274/SA274S10	SES125	-0.423603	-42.1964	-41.7728
BLOCK27/SES274/SA274S10	SES129	0.566772	-41.206	-41.7728
BLOCK27/SES274/SA274S10	SES158	-0.83213	-42.6049	-41.7728
BLOCK27/SES274/SA274S11	SES105	-0.548542	-42.5381	-41.9896
BLOCK27/SES274/SA274S11	SES149	-0.433067	-42.4226	-41.9896
BLOCK27/SES274/SA274S11	SES158	-0.409046	-42.3986	-41.9896
BLOCK27/SES274/SA274S11	SES275	-0.106731	-42.0963	-41.9896
BLOCK27/SES274/SA274S21	SES105	-0.834381	-42.5785	-41.7441
BLOCK27/SES274/SA274S21	SES129	-0.186634	-41.9307	-41.7441
BLOCK27/SES274/SA274S21	SES149	-0.752823	-42.4969	-41.7441
BLOCK27/SES274/SA274S21	SES158	-2.05969	-43.8038	-41.7441
BLOCK27/SES274/SA274S24	SES105	-1.33963	-42.7521	-41.4124
BLOCK27/SES274/SA274S24	SES129	-0.661808	-42.0742	-41.4124
BLOCK27/SES274/SA274S24	SES149	-1.41478	-42.8272	-41.4124
BLOCK27/SES274/SA274S24	SES158	-1.52844	-42.9409	-41.4124
BLOCK27/SES274/SA274S29	SES105	-0.685055	-42.4682	-41.7831
BLOCK27/SES274/SA274S29	SES106	-0.831982	-42.6151	-41.7831
BLOCK27/SES274/SA274S29	SES120	-1.04322	-42.8264	-41.7831
BLOCK27/SES274/SA274S29	SES275	-0.205345	-41.9885	-41.7831
BLOCK27/SES276/SA276S16	SES148	0.0720787	-43.398	-43.4701
BLOCK27/SES276/SA276S16	SES172	-0.258934	-43.729	-43.4701
BLOCK27/SES276/SA276S16	SES180	-0.615402	-44.0855	-43.4701
BLOCK27/SES276/SA276S16	SES292	0.434452	-43.0356	-43.4701
BLOCK27/SES276/SA276S17	SES101	-0.58271	-44.3133	-43.7306
BLOCK27/SES276/SA276S17	SES177	-0.0783615	-43.809	-43.7306
BLOCK27/SES276/SA276S17	SES180	0.171032	-43.5596	-43.7306
BLOCK27/SES276/SA276S17	SES292	0.267159	-43.4635	-43.7306
BLOCK27/SES276/SA276S24	SES101	0.0835037	-43.0539	-43.1374
BLOCK27/SES276/SA276S24	SES177	0.107643	-43.0298	-43.1374
BLOCK27/SES276/SA276S24	SES180	0.292625	-42.8448	-43.1374
BLOCK27/SES276/SA276S24	SES292	0.0710258	-43.0664	-43.1374
BLOCK27/SES276/SA276S26	SES101	-1.1034	-44.5782	-43.4748
BLOCK27/SES276/SA276S26	SES177	-0.304241	-43.779	-43.4748
BLOCK27/SES276/SA276S26	SES180	0.589661	-42.8851	-43.4748
BLOCK27/SES276/SA276S26	SES292	0.11496	-43.3598	-43.4748
BLOCK27/SES276/SA276S28	SES101	-0.205395	-44.1941	-43.9887
BLOCK27/SES276/SA276S28	SES177	-0.147442	-44.1362	-43.9887
BLOCK27/SES276/SA276S28	SES180	0.503574	-43.4851	-43.9887
BLOCK27/SES276/SA276S28	SES292	0.484219	-43.5045	-43.9887
BLOCK27/SES277/SA277S12	SES101	0.10162	-44.1423	-44.2439
BLOCK27/SES277/SA277S12	SES177	0.0782433	-44.1657	-44.2439
BLOCK27/SES277/SA277S12	SES180	0.269955	-43.974	-44.2439
BLOCK27/SES277/SA277S12	SES292	0.0982475	-44.1457	-44.2439
BLOCK27/SES277/SA277S14	SES177	0.158752	-44.7137	-44.8725
BLOCK27/SES277/SA277S14	SES180	-0.65691	-45.5294	-44.8725
BLOCK27/SES277/SA277S14	SES189	0.901741	-43.9707	-44.8725
BLOCK27/SES277/SA277S14	SES292	-0.965412	-45.8379	-44.8725
BLOCK27/SES277/SA277S21	SES177	0.149803	-43.4465	-43.5963
BLOCK27/SES277/SA277S21	SES180	-0.492825	-44.0891	-43.5963
BLOCK27/SES277/SA277S21	SES189	0.0678711	-43.5284	-43.5963
BLOCK27/SES277/SA277S21	SES292	-0.511337	-44.1076	-43.5963
BLOCK27/SES277/SA277S24	SES144	-0.34964	-45.0371	-44.6875
BLOCK27/SES277/SA277S24	SES177	0.289532	-44.3979	-44.6875
BLOCK27/SES277/SA277S24	SES180	-0.567265	-45.2547	-44.6875
BLOCK27/SES277/SA277S24	SES189	0.270649	-44.4168	-44.6875
BLOCK27/SES277/SA277S29	SES177	0.491192	-42.4703	-42.9615
BLOCK27/SES277/SA277S29	SES180	0.29953	-42.662	-42.9615
BLOCK27/SES277/SA277S29	SES202	0.63792	-42.3236	-42.9615
BLOCK27/SES277/SA277S29	SES292	-0.327194	-43.2887	-42.9615
BLOCK27/SES279/SA279S09	SES120	-0.78735	-43.1468	-42.3594
BLOCK27/SES279/SA279S09	SES146	-1.14488	-43.5043	-42.3594
BLOCK27/SES279/SA279S09	SES206	-0.926613	-43.2861	-42.3594
BLOCK27/SES279/SA279S09	SES226	-0.971592	-43.331	-42.3594
BLOCK27/SES279/SA279S10	SES099	-0.143185	-42.4771	-42.3339
BLOCK27/SES279/SA279S10	SES206	-0.577217	-42.9112	-42.3339
BLOCK27/SES279/SA279S10	SES226	-0.504604	-42.8385	-42.3339
BLOCK27/SES279/SA279S10	SES292	-0.837166	-43.1711	-42.3339
BLOCK27/SES279/SA279S20	SES099	-0.449665	-43.1134	-42.6637
BLOCK27/SES279/SA279S20	SES206	-0.0634956	-42.7272	-42.6637
BLOCK27/SES279/SA279S20	SES226	-0.708729	-43.3725	-42.6637
BLOCK27/SES279/SA279S20	SES292	-0.545349	-43.2091	-42.6637
BLOCK27/SES279/SA279S26	SES099	0.0118141	-42.626	-42.6378
BLOCK27/SES279/SA279S26	SES206	0.241741	-42.396	-42.6378
BLOCK27/SES279/SA279S26	SES226	0.000431061	-42.6373	-42.6378
BLOCK27/SES279/SA279S26	SES292	-0.552574	-43.1903	-42.6378
BLOCK27/SES279/SA279S28	SES099	-0.186607	-41.6485	-41.4619
BLOCK27/SES279/SA279S28	SES120	-0.569069	-42.031	-41.4619
BLOCK27/SES279/SA279S28	SES177	-1.98004	-43.442	-41.4619
BLOCK27/SES279/SA279S28	SES206	-0.131577	-41.5935	-41.4619
BLOCK29/SES290/SA290S12	SES162	0.354073	-42.9321	-43.2862
BLOCK29/SES290/SA290S12	SES177	-0.231792	-43.518	-43.2862
BLOCK29/SES290/SA290S12	SES180	-0.453892	-43.7401	-43.2862
BLOCK29/SES290/SA290S12	SES292	-0.533386	-43.8196	-43.2862
BLOCK29/SES290/SA290S13	SES007	-0.892559	-45.5401	-44.6475
BLOCK29/SES290/SA290S13	SES162	-0.0292778	-44.6768	-44.6475
BLOCK29/SES290/SA290S13	SES177	0.447418	-44.2001	-44.6475
BLOCK29/SES290/SA290S13	SES180	0.555927	-44.0916	-44.6475
BLOCK29/SES290/SA290S22	SES177	0.322693	-43.2878	-43.6105
BLOCK29/SES290/SA290S22	SES180	0.299011	-43.3115	-43.6105
BLOCK29/SES290/SA290S22	SES202	0.0753403	-43.5351	-43.6105
BLOCK29/SES290/SA290S22	SES292	-0.295738	-43.9062	-43.6105
BLOCK29/SES290/SA290S25	SES162	0.525627	-42.9408	-43.4665
BLOCK29/SES290/SA290S25	SES177	0.674458	-42.792	-43.4665
BLOCK29/SES290/SA290S25	SES180	0.639584	-42.8269	-43.4665
BLOCK29/SES290/SA290S25	SES292	0.066288	-43.4002	-43.4665
BLOCK29/SES290/SA290S29	SES177	0.603939	-42.0538	-42.6578
BLOCK29/SES290/SA290S29	SES180	0.871952	-41.7858	-42.6578
BLOCK29/SES290/SA290S29	SES275	-0.652611	-43.3104	-42.6578
BLOCK29/SES290/SA290S29	SES292	0.0822144	-42.5756	-42.6578
BLOCK29/SES291/SA291S11	SES105	-1.09243	-44.6339	-43.5414
BLOCK29/SES291/SA291S11	SES125	0.316059	-43.2254	-43.5414
BLOCK29/SES291/SA291S11	SES158	0.000274658	-43.5412	-43.5414
BLOCK29/SES291/SA291S11	SES275	-1.0259	-44.5673	-43.5414
BLOCK29/SES291/SA291S12	SES158	0.677944	-42.4398	-43.1177
BLOCK29/SES291/SA291S12	SES226	-0.326618	-43.4443	-43.1177
BLOCK29/SES291/SA291S12	SES270	1.0723	-42.0454	-43.1177
BLOCK29/SES291/SA291S12	SES275	-1.7212	-44.8389	-43.1177
BLOCK29/SES291/SA291S22	SES082	-0.0260429	-42.7191	-42.693
BLOCK29/SES291/SA291S22	SES158	-0.0607185	-42.7537	-42.693
BLOCK29/SES291/SA291S22	SES259	-0.554951	-43.248	-42.693
BLOCK29/SES291/SA291S22	SES275	-1.38846	-44.0815	-42.693
BLOCK29/SES291/SA291S24	SES104	0.996044	-40.9827	-41.9787
BLOCK29/SES291/SA291S24	SES125	0.482944	-41.4958	-41.9787
BLOCK29/SES291/SA291S24	SES158	0.215534	-41.7632	-41.9787
BLOCK29/SES291/SA291S24	SES275	-1.49477	-43.4735	-41.9787
BLOCK29/SES291/SA291S27	SES158	0.77877	-41.597	-42.3758
BLOCK29/SES291/SA291S27	SES172	-2.55622	-44.932	-42.3758
BLOCK29/SES291/SA291S27	SES275	-1.39597	-43.7717	-42.3758
BLOCK29/SES291/SA291S27	SES292	-1.05151	-43.4273	-42.3758
